Using pre-set license
Built from '2022.3/staging' branch; Version is '2022.3.22f1 (887be4894c44) revision 8944612'; Using compiler version '192829333'; Build Type 'Release'
OS: 'Windows 11  (10.0.22631) 64bit Professional' Language: 'en' Physical Memory: 32541 MB
BatchMode: 1, IsHumanControllingUs: 0, StartBugReporterOnCrash: 0, Is64bit: 1, IsPro: 1

COMMAND LINE ARGUMENTS:
C:\Program Files\Unity\Hub\Editor\2022.3.22f1\Editor\Unity.exe
-adb2
-batchMode
-noUpm
-name
AssetImportWorker1
-projectPath
C:/My project
-logFile
Logs/AssetImportWorker1.log
-srvPort
61458
Successfully changed project path to: C:/My project
C:/My project
[UnityMemory] Configuration Parameters - Can be set up in boot.config
    "memorysetup-bucket-allocator-granularity=16"
    "memorysetup-bucket-allocator-bucket-count=8"
    "memorysetup-bucket-allocator-block-size=33554432"
    "memorysetup-bucket-allocator-block-count=8"
    "memorysetup-main-allocator-block-size=16777216"
    "memorysetup-thread-allocator-block-size=16777216"
    "memorysetup-gfx-main-allocator-block-size=16777216"
    "memorysetup-gfx-thread-allocator-block-size=16777216"
    "memorysetup-cache-allocator-block-size=4194304"
    "memorysetup-typetree-allocator-block-size=2097152"
    "memorysetup-profiler-bucket-allocator-granularity=16"
    "memorysetup-profiler-bucket-allocator-bucket-count=8"
    "memorysetup-profiler-bucket-allocator-block-size=33554432"
    "memorysetup-profiler-bucket-allocator-block-count=8"
    "memorysetup-profiler-allocator-block-size=16777216"
    "memorysetup-profiler-editor-allocator-block-size=1048576"
    "memorysetup-temp-allocator-size-main=16777216"
    "memorysetup-job-temp-allocator-block-size=2097152"
    "memorysetup-job-temp-allocator-block-size-background=1048576"
    "memorysetup-job-temp-allocator-reduction-small-platforms=262144"
    "memorysetup-allocator-temp-initial-block-size-main=262144"
    "memorysetup-allocator-temp-initial-block-size-worker=262144"
    "memorysetup-temp-allocator-size-background-worker=32768"
    "memorysetup-temp-allocator-size-job-worker=262144"
    "memorysetup-temp-allocator-size-preload-manager=33554432"
    "memorysetup-temp-allocator-size-nav-mesh-worker=65536"
    "memorysetup-temp-allocator-size-audio-worker=65536"
    "memorysetup-temp-allocator-size-cloud-worker=32768"
    "memorysetup-temp-allocator-size-gi-baking-worker=262144"
    "memorysetup-temp-allocator-size-gfx=262144"
Player connection [15844] Host "[IP] 192.168.71.1 [Port] 0 [Flags] 2 [Guid] 1635680867 [EditorId] 1635680867 [Version] 1048832 [Id] WindowsEditor(7,DESKTOP-RCKDGFF) [Debug] 1 [PackageName] WindowsEditor [ProjectName] Editor" joined multi-casting on [225.0.0.222:54997]...

Player connection [15844] Host "[IP] 192.168.71.1 [Port] 0 [Flags] 2 [Guid] 1635680867 [EditorId] 1635680867 [Version] 1048832 [Id] WindowsEditor(7,DESKTOP-RCKDGFF) [Debug] 1 [PackageName] WindowsEditor [ProjectName] Editor" joined alternative multi-casting on [225.0.0.222:34997]...

[Physics::Module] Initialized MultithreadedJobDispatcher with 7 workers.
Refreshing native plugins compatible for Editor in 14.90 ms, found 3 plugins.
Preloading 0 native plugins for Editor in 0.00 ms.
Initialize engine version: 2022.3.22f1 (887be4894c44)
[Subsystems] Discovering subsystems at path C:/Program Files/Unity/Hub/Editor/2022.3.22f1/Editor/Data/Resources/UnitySubsystems
[Subsystems] Discovering subsystems at path C:/My project/Assets
GfxDevice: creating device client; threaded=0; jobified=0
Direct3D:
    Version:  Direct3D 11.0 [level 11.1]
    Renderer: Intel(R) UHD Graphics (ID=0x9b41)
    Vendor:   Intel
    VRAM:     16270 MB
    Driver:   30.0.101.1122
Initialize mono
Mono path[0] = 'C:/Program Files/Unity/Hub/Editor/2022.3.22f1/Editor/Data/Managed'
Mono path[1] = 'C:/Program Files/Unity/Hub/Editor/2022.3.22f1/Editor/Data/MonoBleedingEdge/lib/mono/unityjit-win32'
Mono config path = 'C:/Program Files/Unity/Hub/Editor/2022.3.22f1/Editor/Data/MonoBleedingEdge/etc'
Using monoOptions --debugger-agent=transport=dt_socket,embedding=1,server=y,suspend=n,address=127.0.0.1:56260
Begin MonoManager ReloadAssembly
Registering precompiled unity dll's ...
Register platform support module: C:/Program Files/Unity/Hub/Editor/2022.3.22f1/Editor/Data/PlaybackEngines/WebGLSupport/UnityEditor.WebGL.Extensions.dll
Register platform support module: C:/Program Files/Unity/Hub/Editor/2022.3.22f1/Editor/Data/PlaybackEngines/AndroidPlayer/UnityEditor.Android.Extensions.dll
Register platform support module: C:/Program Files/Unity/Hub/Editor/2022.3.22f1/Editor/Data/PlaybackEngines/WindowsStandaloneSupport/UnityEditor.WindowsStandalone.Extensions.dll
Register platform support module: C:/Program Files/Unity/Hub/Editor/2022.3.22f1/Editor/Data/PlaybackEngines/MetroSupport/UnityEditor.UWP.Extensions.dll
Registered in 0.017938 seconds.
- Loaded All Assemblies, in  0.669 seconds
Native extension for UWP target not found
Native extension for WindowsStandalone target not found
Native extension for Android target not found
Android Extension - Scanning For ADB Devices 626 ms
Native extension for WebGL target not found
Mono: successfully reloaded assembly
- Finished resetting the current domain, in  1.207 seconds
Domain Reload Profiling: 1874ms
	BeginReloadAssembly (214ms)
		ExecutionOrderSort (0ms)
		DisableScriptedObjects (0ms)
		BackupInstance (0ms)
		ReleaseScriptingObjects (0ms)
		CreateAndSetChildDomain (1ms)
	RebuildCommonClasses (51ms)
	RebuildNativeTypeToScriptingClass (23ms)
	initialDomainReloadingComplete (104ms)
	LoadAllAssembliesAndSetupDomain (273ms)
		LoadAssemblies (214ms)
		RebuildTransferFunctionScriptingTraits (0ms)
		AnalyzeDomain (268ms)
			TypeCache.Refresh (265ms)
				TypeCache.ScanAssembly (240ms)
			ScanForSourceGeneratedMonoScriptInfo (1ms)
			ResolveRequiredComponents (1ms)
	FinalizeReload (1208ms)
		ReleaseScriptCaches (0ms)
		RebuildScriptCaches (0ms)
		SetupLoadedEditorAssemblies (1112ms)
			LogAssemblyErrors (0ms)
			InitializePlatformSupportModulesInManaged (812ms)
			SetLoadedEditorAssemblies (6ms)
			RefreshPlugins (0ms)
			BeforeProcessingInitializeOnLoad (4ms)
			ProcessInitializeOnLoadAttributes (211ms)
			ProcessInitializeOnLoadMethodAttributes (78ms)
			AfterProcessingInitializeOnLoad (0ms)
			EditorAssembliesLoaded (0ms)
		ExecutionOrderSort2 (0ms)
		AwakeInstancesAfterBackupRestoration (0ms)
========================================================================
Worker process is ready to serve import requests
Begin MonoManager ReloadAssembly
- Loaded All Assemblies, in  1.662 seconds
Refreshing native plugins compatible for Editor in 11.76 ms, found 3 plugins.
Native extension for UWP target not found
Native extension for WindowsStandalone target not found
Native extension for Android target not found
Native extension for WebGL target not found
Package Manager log level set to [2]
[Package Manager] Server::EnsureServerProcessIsRunning -- launch failed, reason: Unity was launched with the -noUpm command-line argument
[Package Manager] UpmClient::Send -- Unable to send message (not connected to UPM process).
[Package Manager] Cannot connect to Unity Package Manager local server
Mono: successfully reloaded assembly
- Finished resetting the current domain, in  1.816 seconds
Domain Reload Profiling: 3472ms
	BeginReloadAssembly (322ms)
		ExecutionOrderSort (0ms)
		DisableScriptedObjects (10ms)
		BackupInstance (0ms)
		ReleaseScriptingObjects (0ms)
		CreateAndSetChildDomain (41ms)
	RebuildCommonClasses (89ms)
	RebuildNativeTypeToScriptingClass (29ms)
	initialDomainReloadingComplete (111ms)
	LoadAllAssembliesAndSetupDomain (1103ms)
		LoadAssemblies (754ms)
		RebuildTransferFunctionScriptingTraits (0ms)
		AnalyzeDomain (545ms)
			TypeCache.Refresh (492ms)
				TypeCache.ScanAssembly (444ms)
			ScanForSourceGeneratedMonoScriptInfo (37ms)
			ResolveRequiredComponents (14ms)
	FinalizeReload (1817ms)
		ReleaseScriptCaches (0ms)
		RebuildScriptCaches (0ms)
		SetupLoadedEditorAssemblies (1357ms)
			LogAssemblyErrors (0ms)
			InitializePlatformSupportModulesInManaged (86ms)
			SetLoadedEditorAssemblies (12ms)
			RefreshPlugins (0ms)
			BeforeProcessingInitializeOnLoad (163ms)
			ProcessInitializeOnLoadAttributes (979ms)
			ProcessInitializeOnLoadMethodAttributes (100ms)
			AfterProcessingInitializeOnLoad (17ms)
			EditorAssembliesLoaded (0ms)
		ExecutionOrderSort2 (0ms)
		AwakeInstancesAfterBackupRestoration (25ms)
Launched and connected shader compiler UnityShaderCompiler.exe after 0.20 seconds
Refreshing native plugins compatible for Editor in 8.14 ms, found 3 plugins.
Preloading 0 native plugins for Editor in 0.00 ms.
Unloading 3112 Unused Serialized files (Serialized files now loaded: 0)
Unloading 31 unused Assets / (29.8 KB). Loaded Objects now: 3607.
Memory consumption went from 140.2 MB to 140.2 MB.
Total: 6.594700 ms (FindLiveObjects: 0.562300 ms CreateObjectMapping: 0.458200 ms MarkObjects: 5.443800 ms  DeleteObjects: 0.128000 ms)

AssetImportParameters requested are different than current active one (requested -> active):
  custom:container-demuxer-ogg: 62fdf1f143b41e24485cea50d1cbac27 -> 
  custom:video-codec-MediaFoundation-h265: 746d11721c4dcdbdad8f713fa42b33f4 -> 
  custom:video-decoder-ogg-theora: a1e56fd34408186e4bbccfd4996cb3dc -> 
  custom:framework-win-MediaFoundation: 216162199b28c13a410421893ffa2e32 -> 
  custom:CustomObjectIndexerAttribute: 9a22284fe3817be447336de3de66b15e -> 
  custom:container-demuxer-webm: 4f35f7cbe854078d1ac9338744f61a02 -> 
  custom:container-muxer-webm: aa71ff27fc2769a1b78a27578f13a17b -> 
  custom:video-decoder-webm-vp8: 9c59270c3fd7afecdb556c50c9e8de78 -> 
  custom:SearchIndexIgnoredProperties: e643bd26f0fe6173181afceb89e7c659 -> 
  custom:AudioImporter_EditorPlatform: d09bf68614088b80899f8185d706f6e7 -> 
  custom:video-encoder-webm-vp8: eb34c28f22e8b96e1ab97ce403110664 -> 
  custom:audio-decoder-ogg-vorbis: bf7c407c2cedff20999df2af8eb42d56 -> 
  custom:audio-encoder-webm-vorbis: bf7c407c2cedff20999df2af8eb42d56 -> 
========================================================================
Received Import Request.
  Time since last request: 336845.743288 seconds.
  path: Assets/Forst/CTI Runtime Components/CTI Runtime Components URP 14plus/Prefabs/CTI Windzone URP.prefab
  artifactKey: Guid(ec2aa1014a797c54eb478896b8a82d02) Importer(815301076,1909f56bfc062723c751e8b465ee728b)
Start importing Assets/Forst/CTI Runtime Components/CTI Runtime Components URP 14plus/Prefabs/CTI Windzone URP.prefab using Guid(ec2aa1014a797c54eb478896b8a82d02) Importer(815301076,1909f56bfc062723c751e8b465ee728b)  -> (artifact id: '2f3f7804baf9f2112ff413e99ab2fe5a') in 0.096998 seconds
Number of updated asset objects reloaded before import = 0
Number of asset objects unloaded after import = 6
========================================================================
Received Import Request.
  Time since last request: 3.864155 seconds.
  path: Assets/Forst/Conifers [BOTD]/Render Pipeline Support/URP/Prefabs/PF Conifer Medium BOTD URP.prefab
  artifactKey: Guid(78f6b68ad931a824c920d7b953612370) Importer(815301076,1909f56bfc062723c751e8b465ee728b)
Start importing Assets/Forst/Conifers [BOTD]/Render Pipeline Support/URP/Prefabs/PF Conifer Medium BOTD URP.prefab using Guid(78f6b68ad931a824c920d7b953612370) Importer(815301076,1909f56bfc062723c751e8b465ee728b)  -> (artifact id: '00d2266ea204e6db8f2f67e6147de610') in 0.127519 seconds
Number of updated asset objects reloaded before import = 0
Number of asset objects unloaded after import = 28
========================================================================
Received Import Request.
  Time since last request: 0.425532 seconds.
  path: Assets/Forst/Conifers [BOTD]/Render Pipeline Support/URP/Prefabs/PF Conifer Tall BOTD URP.prefab
  artifactKey: Guid(4663d5cca4ed98548946e758cd5979e2) Importer(815301076,1909f56bfc062723c751e8b465ee728b)
Start importing Assets/Forst/Conifers [BOTD]/Render Pipeline Support/URP/Prefabs/PF Conifer Tall BOTD URP.prefab using Guid(4663d5cca4ed98548946e758cd5979e2) Importer(815301076,1909f56bfc062723c751e8b465ee728b)  -> (artifact id: 'f69567a871efe4366143eace6415a0a9') in 0.400481 seconds
Number of updated asset objects reloaded before import = 0
Number of asset objects unloaded after import = 29
========================================================================
Received Import Request.
  Time since last request: 368.631616 seconds.
  path: Assets/Adventure_Character/Prefabs/Man_02.prefab
  artifactKey: Guid(7ee9a881584999e498cd568894ff4b39) Importer(815301076,1909f56bfc062723c751e8b465ee728b)
Start importing Assets/Adventure_Character/Prefabs/Man_02.prefab using Guid(7ee9a881584999e498cd568894ff4b39) Importer(815301076,1909f56bfc062723c751e8b465ee728b)  -> (artifact id: '123f7c960dda5e20142cffe5296d68fc') in 1.459188 seconds
Number of updated asset objects reloaded before import = 0
Number of asset objects unloaded after import = 199
========================================================================
Received Import Request.
  Time since last request: 0.000039 seconds.
  path: Assets/Adventure_Character/Mesh/Man_Mesh.FBX
  artifactKey: Guid(b8a7488d12adc39498433d60811eab1a) Importer(815301076,1909f56bfc062723c751e8b465ee728b)
Start importing Assets/Adventure_Character/Mesh/Man_Mesh.FBX using Guid(b8a7488d12adc39498433d60811eab1a) Importer(815301076,1909f56bfc062723c751e8b465ee728b)  -> (artifact id: '3f79792684b02d86c525ab191957fed5') in 0.858013 seconds
Number of updated asset objects reloaded before import = 0
Number of asset objects unloaded after import = 189
========================================================================
Received Import Request.
  Time since last request: 0.000129 seconds.
  path: Assets/Adventure_Character/Prefabs/Man_04.prefab
  artifactKey: Guid(889d24f8fc349cf45b463fb9b13b0143) Importer(815301076,1909f56bfc062723c751e8b465ee728b)
Start importing Assets/Adventure_Character/Prefabs/Man_04.prefab using Guid(889d24f8fc349cf45b463fb9b13b0143) Importer(815301076,1909f56bfc062723c751e8b465ee728b)  -> (artifact id: '1d42a098832854efcf33daedf83c66ee') in 0.354320 seconds
Number of updated asset objects reloaded before import = 0
Number of asset objects unloaded after import = 199
========================================================================
Received Import Request.
  Time since last request: 0.000036 seconds.
  path: Assets/Adventure_Character/Prefabs/Man_03.prefab
  artifactKey: Guid(da1203547328fdb41974e0b5334e799a) Importer(815301076,1909f56bfc062723c751e8b465ee728b)
Start importing Assets/Adventure_Character/Prefabs/Man_03.prefab using Guid(da1203547328fdb41974e0b5334e799a) Importer(815301076,1909f56bfc062723c751e8b465ee728b)  -> (artifact id: '55705cbaaecb3a5baecb8125f7f0253a') in 0.380967 seconds
Number of updated asset objects reloaded before import = 0
Number of asset objects unloaded after import = 199
========================================================================
Received Import Request.
  Time since last request: 4.104303 seconds.
  path: Assets/Rock Package/Prefabs/Rock_01.prefab
  artifactKey: Guid(30b99e7dc1382e346a7f9789de00de5e) Importer(815301076,1909f56bfc062723c751e8b465ee728b)
Start importing Assets/Rock Package/Prefabs/Rock_01.prefab using Guid(30b99e7dc1382e346a7f9789de00de5e) Importer(815301076,1909f56bfc062723c751e8b465ee728b)  -> (artifact id: '935184f2a6a2381a2d3be4ea57bd3c22') in 0.685492 seconds
Number of updated asset objects reloaded before import = 0
Number of asset objects unloaded after import = 23
========================================================================
Received Import Request.
  Time since last request: 0.000038 seconds.
  path: Assets/Rock Package/Prefabs/Rock_05.prefab
  artifactKey: Guid(5d10ae558efe6a64d96e5b4d02ec6792) Importer(815301076,1909f56bfc062723c751e8b465ee728b)
Start importing Assets/Rock Package/Prefabs/Rock_05.prefab using Guid(5d10ae558efe6a64d96e5b4d02ec6792) Importer(815301076,1909f56bfc062723c751e8b465ee728b)  -> (artifact id: '292085e6912e8d26ba09383e4d1e49b1') in 0.052913 seconds
Number of updated asset objects reloaded before import = 0
Number of asset objects unloaded after import = 23
========================================================================
Received Import Request.
  Time since last request: 0.000071 seconds.
  path: Assets/Rock Package/Prefabs/Rock_04.prefab
  artifactKey: Guid(f94554303b4f7094ea5e12fe79985529) Importer(815301076,1909f56bfc062723c751e8b465ee728b)
Start importing Assets/Rock Package/Prefabs/Rock_04.prefab using Guid(f94554303b4f7094ea5e12fe79985529) Importer(815301076,1909f56bfc062723c751e8b465ee728b)  -> (artifact id: '6dcd0c06420aef861aefb7fcd7111dab') in 0.053830 seconds
Number of updated asset objects reloaded before import = 0
Number of asset objects unloaded after import = 23
========================================================================
Received Import Request.
  Time since last request: 0.000989 seconds.
  path: Assets/Rock Package/Prefabs/Rock_03.prefab
  artifactKey: Guid(75fa8bf3a73ee6b4da0c7a2c6d3db6a1) Importer(815301076,1909f56bfc062723c751e8b465ee728b)
Start importing Assets/Rock Package/Prefabs/Rock_03.prefab using Guid(75fa8bf3a73ee6b4da0c7a2c6d3db6a1) Importer(815301076,1909f56bfc062723c751e8b465ee728b)  -> (artifact id: '4e3289724b1d86cc6665123f6b2b84d1') in 0.054674 seconds
Number of updated asset objects reloaded before import = 0
Number of asset objects unloaded after import = 23
========================================================================
Received Import Request.
  Time since last request: 0.000019 seconds.
  path: Assets/Rock Package/Mesh/Rock_04.FBX
  artifactKey: Guid(6013a9231cbf28447817bbf406307ad6) Importer(815301076,1909f56bfc062723c751e8b465ee728b)
Start importing Assets/Rock Package/Mesh/Rock_04.FBX using Guid(6013a9231cbf28447817bbf406307ad6) Importer(815301076,1909f56bfc062723c751e8b465ee728b)  -> (artifact id: '71449cd7a358596cd4edb67bd35cb4a9') in 0.089954 seconds
Number of updated asset objects reloaded before import = 0
Number of asset objects unloaded after import = 23
========================================================================
Received Import Request.
  Time since last request: 0.000016 seconds.
  path: Assets/Rock Package/Mesh/Rock_05.FBX
  artifactKey: Guid(d27239c9a7de0f243876d949bb27027b) Importer(815301076,1909f56bfc062723c751e8b465ee728b)
Start importing Assets/Rock Package/Mesh/Rock_05.FBX using Guid(d27239c9a7de0f243876d949bb27027b) Importer(815301076,1909f56bfc062723c751e8b465ee728b)  -> (artifact id: 'cb707644a83a60e4747ff9ab4f5ba947') in 0.099146 seconds
Number of updated asset objects reloaded before import = 0
Number of asset objects unloaded after import = 23
========================================================================
Received Import Request.
  Time since last request: 0.000028 seconds.
  path: Assets/Rock Package/Prefabs/Rock_02.prefab
  artifactKey: Guid(d7ba4fe833670a140b9b6085652f0e26) Importer(815301076,1909f56bfc062723c751e8b465ee728b)
Start importing Assets/Rock Package/Prefabs/Rock_02.prefab using Guid(d7ba4fe833670a140b9b6085652f0e26) Importer(815301076,1909f56bfc062723c751e8b465ee728b)  -> (artifact id: '7af7409612b33e7ca6a996208baf2625') in 0.056160 seconds
Number of updated asset objects reloaded before import = 0
Number of asset objects unloaded after import = 23
========================================================================
Received Import Request.
  Time since last request: 0.000066 seconds.
  path: Assets/Rock Package/Mesh/Rock_03.FBX
  artifactKey: Guid(48320e7576ce0664eb501ebbd6c815da) Importer(815301076,1909f56bfc062723c751e8b465ee728b)
Start importing Assets/Rock Package/Mesh/Rock_03.FBX using Guid(48320e7576ce0664eb501ebbd6c815da) Importer(815301076,1909f56bfc062723c751e8b465ee728b)  -> (artifact id: '181dc61012d6e89175ebfae1cf5a5b10') in 0.097235 seconds
Number of updated asset objects reloaded before import = 0
Number of asset objects unloaded after import = 23
========================================================================
Received Import Request.
  Time since last request: 0.000024 seconds.
  path: Assets/Rock Package/Mesh/Rock_02.FBX
  artifactKey: Guid(05e04fedc78047c48af519e94c595e13) Importer(815301076,1909f56bfc062723c751e8b465ee728b)
Start importing Assets/Rock Package/Mesh/Rock_02.FBX using Guid(05e04fedc78047c48af519e94c595e13) Importer(815301076,1909f56bfc062723c751e8b465ee728b)  -> (artifact id: 'ef1cdf1772abed89e240bf060749e326') in 0.099629 seconds
Number of updated asset objects reloaded before import = 0
Number of asset objects unloaded after import = 23
========================================================================
Received Import Request.
  Time since last request: 7.950263 seconds.
  path: Assets/Rock Package/Prefabs/Rock_06.prefab
  artifactKey: Guid(a649302f8407dd9469e2c5b67b4a0674) Importer(815301076,1909f56bfc062723c751e8b465ee728b)
Start importing Assets/Rock Package/Prefabs/Rock_06.prefab using Guid(a649302f8407dd9469e2c5b67b4a0674) Importer(815301076,1909f56bfc062723c751e8b465ee728b)  -> (artifact id: 'f0d2eb7b1cab9b0ddb60a794b2cd8dce') in 0.032444 seconds
Number of updated asset objects reloaded before import = 0
Number of asset objects unloaded after import = 23
========================================================================
Received Import Request.
  Time since last request: 331.135318 seconds.
  path: Assets/Stylized NPC - Peasant Nolant/Prefabs/Peasant Nolant Brown(Free Version).prefab
  artifactKey: Guid(3c0b66c1fb55cd34994e034186a852c1) Importer(815301076,1909f56bfc062723c751e8b465ee728b)
Start importing Assets/Stylized NPC - Peasant Nolant/Prefabs/Peasant Nolant Brown(Free Version).prefab using Guid(3c0b66c1fb55cd34994e034186a852c1) Importer(815301076,1909f56bfc062723c751e8b465ee728b)  -> (artifact id: 'b560845d5afdee3eaa8bc44219cd8730') in 0.045213 seconds
Number of updated asset objects reloaded before import = 0
Number of asset objects unloaded after import = 114
========================================================================
Received Import Request.
  Time since last request: 0.000035 seconds.
  path: Assets/Stylized NPC - Peasant Nolant/Prefabs/Peasant Nolant Green(Free Version).prefab
  artifactKey: Guid(7d67ac5cfda0b944580afbed7561ec82) Importer(815301076,1909f56bfc062723c751e8b465ee728b)
Start importing Assets/Stylized NPC - Peasant Nolant/Prefabs/Peasant Nolant Green(Free Version).prefab using Guid(7d67ac5cfda0b944580afbed7561ec82) Importer(815301076,1909f56bfc062723c751e8b465ee728b)  -> (artifact id: '476a8ac1980dfb475e205b949b53365d') in 0.046574 seconds
Number of updated asset objects reloaded before import = 0
Number of asset objects unloaded after import = 114
========================================================================
Received Import Request.
  Time since last request: 1340.545394 seconds.
  path: Assets/Stylized NPC - Peasant Nolant/Materials/Peasant Nolant Brown.mat
  artifactKey: Guid(9906f4dad73679a438ff342ed90aea44) Importer(815301076,1909f56bfc062723c751e8b465ee728b)
Start importing Assets/Stylized NPC - Peasant Nolant/Materials/Peasant Nolant Brown.mat using Guid(9906f4dad73679a438ff342ed90aea44) Importer(815301076,1909f56bfc062723c751e8b465ee728b)  -> (artifact id: 'b15cf145e7979d7cf660d4e395f66385') in 0.033953 seconds
Number of updated asset objects reloaded before import = 0
Number of asset objects unloaded after import = 2
========================================================================
Received Import Request.
  Time since last request: 0.000043 seconds.
  path: Assets/Stylized NPC - Peasant Nolant/Materials/Peasant Nolant Yellow.mat
  artifactKey: Guid(b5588b6e42615a54586d7cf12825dcd8) Importer(815301076,1909f56bfc062723c751e8b465ee728b)
Start importing Assets/Stylized NPC - Peasant Nolant/Materials/Peasant Nolant Yellow.mat using Guid(b5588b6e42615a54586d7cf12825dcd8) Importer(815301076,1909f56bfc062723c751e8b465ee728b)  -> (artifact id: '0569f64a98d2b3efad7c2dc1a523640c') in 0.065990 seconds
Number of updated asset objects reloaded before import = 0
Number of asset objects unloaded after import = 2
========================================================================
Received Import Request.
  Time since last request: 0.000039 seconds.
  path: Assets/Stylized NPC - Peasant Nolant/Materials/Peasant Nolant Green.mat
  artifactKey: Guid(47ce78e26e0d0aa46a3873d869b96031) Importer(815301076,1909f56bfc062723c751e8b465ee728b)
Start importing Assets/Stylized NPC - Peasant Nolant/Materials/Peasant Nolant Green.mat using Guid(47ce78e26e0d0aa46a3873d869b96031) Importer(815301076,1909f56bfc062723c751e8b465ee728b)  -> (artifact id: 'a2e79991399980c66349f9fa3bb9f5ea') in 0.025712 seconds
Number of updated asset objects reloaded before import = 0
Number of asset objects unloaded after import = 2
========================================================================
Received Import Request.
  Time since last request: 68.969550 seconds.
  path: Assets/Tree_Textures/shadow.png
  artifactKey: Guid(05e3a6e3f9c084640b07c47a3660cb61) Importer(815301076,1909f56bfc062723c751e8b465ee728b)
Start importing Assets/Tree_Textures/shadow.png using Guid(05e3a6e3f9c084640b07c47a3660cb61) Importer(815301076,1909f56bfc062723c751e8b465ee728b)  -> (artifact id: 'b54d6b22e209a39c18948820f656bf72') in 0.042718 seconds
Number of updated asset objects reloaded before import = 0
Number of asset objects unloaded after import = 2
========================================================================
Received Import Request.
  Time since last request: 61.150789 seconds.
  path: Assets/Piloto Studio/Materials
  artifactKey: Guid(6accbd7248547ee46a686e57af581359) Importer(815301076,1909f56bfc062723c751e8b465ee728b)
Start importing Assets/Piloto Studio/Materials using Guid(6accbd7248547ee46a686e57af581359) Importer(815301076,1909f56bfc062723c751e8b465ee728b)  -> (artifact id: 'cf9ee02524d4cba85b092ea9be600ed1') in 0.001265 seconds
Number of updated asset objects reloaded before import = 0
Number of asset objects unloaded after import = 0
========================================================================
Received Import Request.
  Time since last request: 5.396480 seconds.
  path: Assets/Piloto Studio/Readme
  artifactKey: Guid(f3d3f8012a7f3e84882fb2b9d788cbaa) Importer(815301076,1909f56bfc062723c751e8b465ee728b)
Start importing Assets/Piloto Studio/Readme using Guid(f3d3f8012a7f3e84882fb2b9d788cbaa) Importer(815301076,1909f56bfc062723c751e8b465ee728b)  -> (artifact id: '385e4143b45d8d196209a34438a82363') in 0.000834 seconds
Number of updated asset objects reloaded before import = 0
Number of asset objects unloaded after import = 0
========================================================================
Received Import Request.
  Time since last request: 6.540098 seconds.
  path: Assets/Piloto Studio/Textures/PackedNoises_Generic.png
  artifactKey: Guid(3ac70e7ced6d23946ac37f602b2bc573) Importer(815301076,1909f56bfc062723c751e8b465ee728b)
Start importing Assets/Piloto Studio/Textures/PackedNoises_Generic.png using Guid(3ac70e7ced6d23946ac37f602b2bc573) Importer(815301076,1909f56bfc062723c751e8b465ee728b)  -> (artifact id: '9d29784a56511f6635ae926049f42b81') in 0.041597 seconds
Number of updated asset objects reloaded before import = 0
Number of asset objects unloaded after import = 2
========================================================================
Received Import Request.
  Time since last request: 0.000021 seconds.
  path: Assets/Piloto Studio/Textures/SmokeHarsh_BlackSpots.png
  artifactKey: Guid(4adc6c038a6a47448bad89825475760f) Importer(815301076,1909f56bfc062723c751e8b465ee728b)
Start importing Assets/Piloto Studio/Textures/SmokeHarsh_BlackSpots.png using Guid(4adc6c038a6a47448bad89825475760f) Importer(815301076,1909f56bfc062723c751e8b465ee728b)  -> (artifact id: 'b2eddd0848e5c75a8716f1a38ffa5f77') in 0.039086 seconds
Number of updated asset objects reloaded before import = 0
Number of asset objects unloaded after import = 2
========================================================================
Received Import Request.
  Time since last request: 1234.931943 seconds.
  path: Assets/Piloto Studio/Materials/Shared/Trail_WispyGeneric_Alpha.mat
  artifactKey: Guid(6d95f135eac26bf4889c3c742e537054) Importer(815301076,1909f56bfc062723c751e8b465ee728b)
Start importing Assets/Piloto Studio/Materials/Shared/Trail_WispyGeneric_Alpha.mat using Guid(6d95f135eac26bf4889c3c742e537054) Importer(815301076,1909f56bfc062723c751e8b465ee728b)  -> (artifact id: 'a0a6d1f9b9f7971194d864476484e2b8') in 0.018732 seconds
Number of updated asset objects reloaded before import = 0
Number of asset objects unloaded after import = 5
========================================================================
Received Import Request.
  Time since last request: 0.000035 seconds.
  path: Assets/BrokenVector/LowPolyBrickHouses/Materials/Tree.mat
  artifactKey: Guid(936ea9a07db52dd44aa65b95efc50590) Importer(815301076,1909f56bfc062723c751e8b465ee728b)
Start importing Assets/BrokenVector/LowPolyBrickHouses/Materials/Tree.mat using Guid(936ea9a07db52dd44aa65b95efc50590) Importer(815301076,1909f56bfc062723c751e8b465ee728b)  -> (artifact id: 'eede1e7f89a3cea5bdfced0ebff35565') in 0.024407 seconds
Number of updated asset objects reloaded before import = 0
Number of asset objects unloaded after import = 2
========================================================================
Received Import Request.
  Time since last request: 0.130462 seconds.
  path: Assets/Piloto Studio/Materials/Shared/Smoke_HarsherAlbedo_Alpha_Soft.mat
  artifactKey: Guid(f144ec80294397643807bab21efac2e5) Importer(815301076,1909f56bfc062723c751e8b465ee728b)
Start importing Assets/Piloto Studio/Materials/Shared/Smoke_HarsherAlbedo_Alpha_Soft.mat using Guid(f144ec80294397643807bab21efac2e5) Importer(815301076,1909f56bfc062723c751e8b465ee728b)  -> (artifact id: '50eb67294c85422ffa37adda2a7b7255') in 0.018862 seconds
Number of updated asset objects reloaded before import = 0
Number of asset objects unloaded after import = 3
========================================================================
Received Import Request.
  Time since last request: 0.000023 seconds.
  path: Assets/Adventure_Character/Materials/Stand.mat
  artifactKey: Guid(6cc77a6303488d84aadaf60ef4023104) Importer(815301076,1909f56bfc062723c751e8b465ee728b)
Start importing Assets/Adventure_Character/Materials/Stand.mat using Guid(6cc77a6303488d84aadaf60ef4023104) Importer(815301076,1909f56bfc062723c751e8b465ee728b)  -> (artifact id: '558002fc06d043ef32a722797f724359') in 0.047157 seconds
Number of updated asset objects reloaded before import = 0
Number of asset objects unloaded after import = 1
========================================================================
Received Import Request.
  Time since last request: 0.000030 seconds.
  path: Assets/FourEvilDragonsHP/Materials/Stage.mat
  artifactKey: Guid(34466cf7960487a4380913c62e795ebd) Importer(815301076,1909f56bfc062723c751e8b465ee728b)
Start importing Assets/FourEvilDragonsHP/Materials/Stage.mat using Guid(34466cf7960487a4380913c62e795ebd) Importer(815301076,1909f56bfc062723c751e8b465ee728b)  -> (artifact id: '0835ea9c1eb2d01b373402adf7a5eabd') in 0.055554 seconds
Number of updated asset objects reloaded before import = 0
Number of asset objects unloaded after import = 1
========================================================================
Received Import Request.
  Time since last request: 0.062991 seconds.
  path: Assets/BrokenVector/LowPolyBrickHouses/Materials/Skybox.mat
  artifactKey: Guid(1495d16f6dfb16d48a5d325eae676635) Importer(815301076,1909f56bfc062723c751e8b465ee728b)
Start importing Assets/BrokenVector/LowPolyBrickHouses/Materials/Skybox.mat using Guid(1495d16f6dfb16d48a5d325eae676635) Importer(815301076,1909f56bfc062723c751e8b465ee728b)  -> (artifact id: '7087e5534c1cc2c910f6082f97ac5cb5') in 0.827558 seconds
Number of updated asset objects reloaded before import = 0
Number of asset objects unloaded after import = 7
========================================================================
Received Import Request.
  Time since last request: 0.464086 seconds.
  path: Assets/FourEvilDragonsHP/Materials/DragonUsurper/RedHP.mat
  artifactKey: Guid(1131ac1e42ee4884ab91bd69310a2715) Importer(815301076,1909f56bfc062723c751e8b465ee728b)
Start importing Assets/FourEvilDragonsHP/Materials/DragonUsurper/RedHP.mat using Guid(1131ac1e42ee4884ab91bd69310a2715) Importer(815301076,1909f56bfc062723c751e8b465ee728b)  -> (artifact id: '55168bd88a2112419e517099621b9368') in 0.023270 seconds
Number of updated asset objects reloaded before import = 0
Number of asset objects unloaded after import = 2
========================================================================
Received Import Request.
  Time since last request: 2.771647 seconds.
  path: Assets/Stylized NPC - Peasant Nolant/Models/Peasant Nolant(Free Version).fbx
  artifactKey: Guid(de76d67d0ab88dc439b10b32370775ea) Importer(815301076,1909f56bfc062723c751e8b465ee728b)
Start importing Assets/Stylized NPC - Peasant Nolant/Models/Peasant Nolant(Free Version).fbx using Guid(de76d67d0ab88dc439b10b32370775ea) Importer(815301076,1909f56bfc062723c751e8b465ee728b)  -> (artifact id: '008aa00a0b7c4e4fba0b6b216c4b2144') in 0.068262 seconds
Number of updated asset objects reloaded before import = 0
Number of asset objects unloaded after import = 108
========================================================================
Received Import Request.
  Time since last request: 0.000034 seconds.
  path: Assets/Adventure_Character/Materials/Man_Cloth_Up_02.mat
  artifactKey: Guid(1fa5b2a9d37f61244aefcdac8092f401) Importer(815301076,1909f56bfc062723c751e8b465ee728b)
Start importing Assets/Adventure_Character/Materials/Man_Cloth_Up_02.mat using Guid(1fa5b2a9d37f61244aefcdac8092f401) Importer(815301076,1909f56bfc062723c751e8b465ee728b)  -> (artifact id: '99a51614ede6b610b44d9e5925038dd8') in 0.171835 seconds
Number of updated asset objects reloaded before import = 0
Number of asset objects unloaded after import = 5
========================================================================
Received Import Request.
  Time since last request: 0.070129 seconds.
  path: Assets/Adventure_Character/Materials/Man_Cloth_Down_02.mat
  artifactKey: Guid(bad921bf5cea1f04687b3f7577ac9d34) Importer(815301076,1909f56bfc062723c751e8b465ee728b)
Start importing Assets/Adventure_Character/Materials/Man_Cloth_Down_02.mat using Guid(bad921bf5cea1f04687b3f7577ac9d34) Importer(815301076,1909f56bfc062723c751e8b465ee728b)  -> (artifact id: '17fdccb42642adfbfe2812f574d75b4a') in 0.180857 seconds
Number of updated asset objects reloaded before import = 0
Number of asset objects unloaded after import = 5
========================================================================
Received Import Request.
  Time since last request: 0.150294 seconds.
  path: Assets/Adventure_Character/Materials/Man_Cloth_Down_01.mat
  artifactKey: Guid(3de4d0b74e6a35c4eb1d6331940920e3) Importer(815301076,1909f56bfc062723c751e8b465ee728b)
Start importing Assets/Adventure_Character/Materials/Man_Cloth_Down_01.mat using Guid(3de4d0b74e6a35c4eb1d6331940920e3) Importer(815301076,1909f56bfc062723c751e8b465ee728b)  -> (artifact id: '793fdb6c057700b0278704683b47dcf5') in 0.104861 seconds
Number of updated asset objects reloaded before import = 0
Number of asset objects unloaded after import = 5
========================================================================
Received Import Request.
  Time since last request: 0.134517 seconds.
  path: Assets/Rock Package/Materials/M_Rock_06.mat
  artifactKey: Guid(f5599d5d17120464db2c0674944061c4) Importer(815301076,1909f56bfc062723c751e8b465ee728b)
Start importing Assets/Rock Package/Materials/M_Rock_06.mat using Guid(f5599d5d17120464db2c0674944061c4) Importer(815301076,1909f56bfc062723c751e8b465ee728b)  -> (artifact id: '2c924daac4a10df91bc9cfd93aced9d8') in 0.028476 seconds
Number of updated asset objects reloaded before import = 0
Number of asset objects unloaded after import = 3
========================================================================
Received Import Request.
  Time since last request: 0.229230 seconds.
  path: Assets/Rock Package/Materials/M_Rock_04.mat
  artifactKey: Guid(993ea6d041b161944bea82c42d63f696) Importer(815301076,1909f56bfc062723c751e8b465ee728b)
Start importing Assets/Rock Package/Materials/M_Rock_04.mat using Guid(993ea6d041b161944bea82c42d63f696) Importer(815301076,1909f56bfc062723c751e8b465ee728b)  -> (artifact id: 'b8a93fa05c12f7ac59a5e687765d5487') in 0.033050 seconds
Number of updated asset objects reloaded before import = 0
Number of asset objects unloaded after import = 3
========================================================================
Received Import Request.
  Time since last request: 0.089757 seconds.
  path: Assets/Rock Package/Materials/M_Rock_02.mat
  artifactKey: Guid(dc6cb5217a6b4604c98072452f4c24aa) Importer(815301076,1909f56bfc062723c751e8b465ee728b)
Start importing Assets/Rock Package/Materials/M_Rock_02.mat using Guid(dc6cb5217a6b4604c98072452f4c24aa) Importer(815301076,1909f56bfc062723c751e8b465ee728b)  -> (artifact id: 'a82c664caac90719cec8d1eb34a5b8e5') in 0.036972 seconds
Number of updated asset objects reloaded before import = 0
Number of asset objects unloaded after import = 3
========================================================================
Received Import Request.
  Time since last request: 0.157067 seconds.
  path: Assets/Rock Package/Materials/M_Ground.mat
  artifactKey: Guid(85dc2b26bc1135343bd736d565a88161) Importer(815301076,1909f56bfc062723c751e8b465ee728b)
Start importing Assets/Rock Package/Materials/M_Ground.mat using Guid(85dc2b26bc1135343bd736d565a88161) Importer(815301076,1909f56bfc062723c751e8b465ee728b)  -> (artifact id: '539e762b3d3ac401e1b06c097c703251') in 0.015587 seconds
Number of updated asset objects reloaded before import = 0
Number of asset objects unloaded after import = 1
========================================================================
Received Import Request.
  Time since last request: 0.079202 seconds.
  path: Assets/Forst/Conifers [BOTD]/Render Pipeline Support/URP/Sources/Materials/M Conifer Bark Simple URP.mat
  artifactKey: Guid(1186544d3cb19e041b13d63e53ab4ecd) Importer(815301076,1909f56bfc062723c751e8b465ee728b)
Start importing Assets/Forst/Conifers [BOTD]/Render Pipeline Support/URP/Sources/Materials/M Conifer Bark Simple URP.mat using Guid(1186544d3cb19e041b13d63e53ab4ecd) Importer(815301076,1909f56bfc062723c751e8b465ee728b)  -> (artifact id: '03c1b3958195538d355cf8f399da2c5f') in 0.017684 seconds
Number of updated asset objects reloaded before import = 0
Number of asset objects unloaded after import = 3
========================================================================
Received Import Request.
  Time since last request: 0.390926 seconds.
  path: Assets/BrokenVector/LowPolyBrickHouses/Materials/Houses_6.mat
  artifactKey: Guid(8c66a80f569e19247ba32ddff06b2be6) Importer(815301076,1909f56bfc062723c751e8b465ee728b)
Start importing Assets/BrokenVector/LowPolyBrickHouses/Materials/Houses_6.mat using Guid(8c66a80f569e19247ba32ddff06b2be6) Importer(815301076,1909f56bfc062723c751e8b465ee728b)  -> (artifact id: 'e5452d036b54f1f49ac79caec83d1d4d') in 0.014866 seconds
Number of updated asset objects reloaded before import = 0
Number of asset objects unloaded after import = 2
========================================================================
Received Import Request.
  Time since last request: 0.676313 seconds.
  path: Assets/BrokenVector/LowPolyBrickHouses/Materials/Houses_4.mat
  artifactKey: Guid(db16ee6b2ab57db4ca2c3d5b4b6ef15a) Importer(815301076,1909f56bfc062723c751e8b465ee728b)
Start importing Assets/BrokenVector/LowPolyBrickHouses/Materials/Houses_4.mat using Guid(db16ee6b2ab57db4ca2c3d5b4b6ef15a) Importer(815301076,1909f56bfc062723c751e8b465ee728b)  -> (artifact id: '105a9e44a9a1779ad0f74f1b9020081b') in 0.015253 seconds
Number of updated asset objects reloaded before import = 0
Number of asset objects unloaded after import = 2
========================================================================
Received Import Request.
  Time since last request: 0.079829 seconds.
  path: Assets/BrokenVector/LowPolyBrickHouses/Materials/Houses_2.mat
  artifactKey: Guid(35b3f8b0173dcad42a78d7ace2476948) Importer(815301076,1909f56bfc062723c751e8b465ee728b)
Start importing Assets/BrokenVector/LowPolyBrickHouses/Materials/Houses_2.mat using Guid(35b3f8b0173dcad42a78d7ace2476948) Importer(815301076,1909f56bfc062723c751e8b465ee728b)  -> (artifact id: '8781b8fb78cbad9bc79e5e9f8c9102a4') in 0.021679 seconds
Number of updated asset objects reloaded before import = 0
Number of asset objects unloaded after import = 2
========================================================================
Received Import Request.
  Time since last request: 0.077716 seconds.
  path: Assets/BrokenVector/LowPolyBrickHouses/Materials/Ground/Ground_Tiles_Broken.mat
  artifactKey: Guid(e1d5c4fd202890148af549fe2f52b6f9) Importer(815301076,1909f56bfc062723c751e8b465ee728b)
Start importing Assets/BrokenVector/LowPolyBrickHouses/Materials/Ground/Ground_Tiles_Broken.mat using Guid(e1d5c4fd202890148af549fe2f52b6f9) Importer(815301076,1909f56bfc062723c751e8b465ee728b)  -> (artifact id: '14a372a3b6b60049936981fffac2784d') in 0.017748 seconds
Number of updated asset objects reloaded before import = 0
Number of asset objects unloaded after import = 3
========================================================================
Received Import Request.
  Time since last request: 0.397516 seconds.
  path: Assets/BrokenVector/LowPolyBrickHouses/Materials/Ground/Ground_Tiles_1.mat
  artifactKey: Guid(a04a6998b715ced4ea069ad1213964d7) Importer(815301076,1909f56bfc062723c751e8b465ee728b)
Start importing Assets/BrokenVector/LowPolyBrickHouses/Materials/Ground/Ground_Tiles_1.mat using Guid(a04a6998b715ced4ea069ad1213964d7) Importer(815301076,1909f56bfc062723c751e8b465ee728b)  -> (artifact id: 'c10378cc4eec2c39e7ee90fd9d5d41ea') in 0.029845 seconds
Number of updated asset objects reloaded before import = 0
Number of asset objects unloaded after import = 3
========================================================================
Received Import Request.
  Time since last request: 0.003746 seconds.
  path: Assets/BrokenVector/LowPolyBrickHouses/Materials/Ground/Ground_Grass.mat
  artifactKey: Guid(d9fdb3deaa6e8a4458cbf9158912ec0d) Importer(815301076,1909f56bfc062723c751e8b465ee728b)
Start importing Assets/BrokenVector/LowPolyBrickHouses/Materials/Ground/Ground_Grass.mat using Guid(d9fdb3deaa6e8a4458cbf9158912ec0d) Importer(815301076,1909f56bfc062723c751e8b465ee728b)  -> (artifact id: 'bb4e788032b0522203cc25384b0b066e') in 0.022932 seconds
Number of updated asset objects reloaded before import = 0
Number of asset objects unloaded after import = 2
========================================================================
Received Import Request.
  Time since last request: 0.618960 seconds.
  path: Assets/ADG_Textures/ground_vol1/ground6/ground6.mat
  artifactKey: Guid(ae29ac02d08992344b9095971167e1c6) Importer(815301076,1909f56bfc062723c751e8b465ee728b)
Start importing Assets/ADG_Textures/ground_vol1/ground6/ground6.mat using Guid(ae29ac02d08992344b9095971167e1c6) Importer(815301076,1909f56bfc062723c751e8b465ee728b)  -> (artifact id: '6eb029cfd739abef741bdaffa4b54ad9') in 0.034316 seconds
Number of updated asset objects reloaded before import = 0
Number of asset objects unloaded after import = 5
========================================================================
Received Import Request.
  Time since last request: 0.339170 seconds.
  path: Assets/ADG_Textures/ground_vol1/ground2/ground2.mat
  artifactKey: Guid(88d4b65b6d484a1459f780db4b3edd0d) Importer(815301076,1909f56bfc062723c751e8b465ee728b)
Start importing Assets/ADG_Textures/ground_vol1/ground2/ground2.mat using Guid(88d4b65b6d484a1459f780db4b3edd0d) Importer(815301076,1909f56bfc062723c751e8b465ee728b)  -> (artifact id: '2cca5cc81b5109cd267852f755cf7293') in 0.070293 seconds
Number of updated asset objects reloaded before import = 0
Number of asset objects unloaded after import = 5
========================================================================
Received Import Request.
  Time since last request: 0.122218 seconds.
  path: Assets/FourEvilDragonsHP/Materials/DragonSoulEater/GreyHP.mat
  artifactKey: Guid(0526c5be35ba93547acf614ed1950a2f) Importer(815301076,1909f56bfc062723c751e8b465ee728b)
Start importing Assets/FourEvilDragonsHP/Materials/DragonSoulEater/GreyHP.mat using Guid(0526c5be35ba93547acf614ed1950a2f) Importer(815301076,1909f56bfc062723c751e8b465ee728b)  -> (artifact id: '97203bb55f1ab9bb48ea868c669ac9cc') in 0.022943 seconds
Number of updated asset objects reloaded before import = 0
Number of asset objects unloaded after import = 2
========================================================================
Received Import Request.
  Time since last request: 0.438925 seconds.
  path: Assets/FourEvilDragonsHP/Materials/DragonUsurper/GreenHP.mat
  artifactKey: Guid(acd197acde96c544b8d8fd85cc2e8b20) Importer(815301076,1909f56bfc062723c751e8b465ee728b)
Start importing Assets/FourEvilDragonsHP/Materials/DragonUsurper/GreenHP.mat using Guid(acd197acde96c544b8d8fd85cc2e8b20) Importer(815301076,1909f56bfc062723c751e8b465ee728b)  -> (artifact id: '59bf5117a912fa3caad594515311bee2') in 0.020374 seconds
Number of updated asset objects reloaded before import = 0
Number of asset objects unloaded after import = 2
========================================================================
Received Import Request.
  Time since last request: 0.581553 seconds.
  path: Assets/FourEvilDragonsHP/Materials/DragonTerrorBringer/GreenHP.mat
  artifactKey: Guid(63a8442de5af83f49902935ef0d8904e) Importer(815301076,1909f56bfc062723c751e8b465ee728b)
Start importing Assets/FourEvilDragonsHP/Materials/DragonTerrorBringer/GreenHP.mat using Guid(63a8442de5af83f49902935ef0d8904e) Importer(815301076,1909f56bfc062723c751e8b465ee728b)  -> (artifact id: '4d5892388934b538990b61a9e21d4104') in 0.018320 seconds
Number of updated asset objects reloaded before import = 0
Number of asset objects unloaded after import = 2
========================================================================
Received Import Request.
  Time since last request: 0.390977 seconds.
  path: Assets/BrokenVector/LowPolyBrickHouses/Materials/Glass.mat
  artifactKey: Guid(97bc790d31a703e4f93d2e8c47b7594f) Importer(815301076,1909f56bfc062723c751e8b465ee728b)
Start importing Assets/BrokenVector/LowPolyBrickHouses/Materials/Glass.mat using Guid(97bc790d31a703e4f93d2e8c47b7594f) Importer(815301076,1909f56bfc062723c751e8b465ee728b)  -> (artifact id: 'c534ff690282e0df357db7bdb1962389') in 0.013239 seconds
Number of updated asset objects reloaded before import = 0
Number of asset objects unloaded after import = 1
========================================================================
Received Import Request.
  Time since last request: 0.590497 seconds.
  path: Assets/Piloto Studio/Materials/Shared/FuzzAdd.mat
  artifactKey: Guid(661da4e08f699014dadcffd348c96a62) Importer(815301076,1909f56bfc062723c751e8b465ee728b)
Start importing Assets/Piloto Studio/Materials/Shared/FuzzAdd.mat using Guid(661da4e08f699014dadcffd348c96a62) Importer(815301076,1909f56bfc062723c751e8b465ee728b)  -> (artifact id: 'e1fa5d32e51abb7ce2383ab9d444ebf2') in 0.013048 seconds
Number of updated asset objects reloaded before import = 0
Number of asset objects unloaded after import = 1
========================================================================
Received Import Request.
  Time since last request: 0.066656 seconds.
  path: Assets/BrokenVector/LowPolyBrickHouses/Materials/Foliage_2.mat
  artifactKey: Guid(b131c7d427ad4cc4fae5e5656b96fdec) Importer(815301076,1909f56bfc062723c751e8b465ee728b)
Start importing Assets/BrokenVector/LowPolyBrickHouses/Materials/Foliage_2.mat using Guid(b131c7d427ad4cc4fae5e5656b96fdec) Importer(815301076,1909f56bfc062723c751e8b465ee728b)  -> (artifact id: 'f40b648c13605d60fca3c32bd31e581d') in 0.026618 seconds
Number of updated asset objects reloaded before import = 0
Number of asset objects unloaded after import = 3
========================================================================
Received Import Request.
  Time since last request: 0.536329 seconds.
  path: Assets/Piloto Studio/Materials/Shared/Flare_GlowdotPickbook_Add.mat
  artifactKey: Guid(b79b2fbc09c73724cbc7af6e111343d4) Importer(815301076,1909f56bfc062723c751e8b465ee728b)
Start importing Assets/Piloto Studio/Materials/Shared/Flare_GlowdotPickbook_Add.mat using Guid(b79b2fbc09c73724cbc7af6e111343d4) Importer(815301076,1909f56bfc062723c751e8b465ee728b)  -> (artifact id: '1efdef097c4430464845cc96f67803f9') in 0.014800 seconds
Number of updated asset objects reloaded before import = 0
Number of asset objects unloaded after import = 3
========================================================================
Received Import Request.
  Time since last request: 0.367025 seconds.
  path: Assets/Piloto Studio/Materials/Shared/Flare_FatDot_Add_Soft.mat
  artifactKey: Guid(c5af313e076fb404ca65c0ba49e60f52) Importer(815301076,1909f56bfc062723c751e8b465ee728b)
Start importing Assets/Piloto Studio/Materials/Shared/Flare_FatDot_Add_Soft.mat using Guid(c5af313e076fb404ca65c0ba49e60f52) Importer(815301076,1909f56bfc062723c751e8b465ee728b)  -> (artifact id: '52a120439bb2560098037eed54b0ab85') in 0.019382 seconds
Number of updated asset objects reloaded before import = 0
Number of asset objects unloaded after import = 2
========================================================================
Received Import Request.
  Time since last request: 0.161913 seconds.
  path: Assets/Adventure_Character/Mesh/Stand.obj
  artifactKey: Guid(3c301751d216fda459821781864ff346) Importer(815301076,1909f56bfc062723c751e8b465ee728b)
Start importing Assets/Adventure_Character/Mesh/Stand.obj using Guid(3c301751d216fda459821781864ff346) Importer(815301076,1909f56bfc062723c751e8b465ee728b)  -> (artifact id: '3242cdb1d96bd8f2b17ce31a81f37e7d') in 0.037606 seconds
Number of updated asset objects reloaded before import = 0
Number of asset objects unloaded after import = 10
========================================================================
Received Import Request.
  Time since last request: 0.414643 seconds.
  path: Assets/Forst/Conifers [BOTD]/Render Pipeline Support/URP/Sources/Billboards/Conifer Tall_BillboardMaterial.mat
  artifactKey: Guid(1fd48149bf1e0fe4088e3ec63d280ca3) Importer(815301076,1909f56bfc062723c751e8b465ee728b)
Start importing Assets/Forst/Conifers [BOTD]/Render Pipeline Support/URP/Sources/Billboards/Conifer Tall_BillboardMaterial.mat using Guid(1fd48149bf1e0fe4088e3ec63d280ca3) Importer(815301076,1909f56bfc062723c751e8b465ee728b)  -> (artifact id: 'fe5922537795d4ef31b5ad90bea2db4f') in 0.014909 seconds
Number of updated asset objects reloaded before import = 0
Number of asset objects unloaded after import = 3
========================================================================
Received Import Request.
  Time since last request: 0.139112 seconds.
  path: Assets/Forst/Conifers [BOTD]/Render Pipeline Support/URP/Sources/Billboards/Conifer Medium_BillboardMaterial.mat
  artifactKey: Guid(c72ddc6b6a4d7ee4eb456eec94e826ae) Importer(815301076,1909f56bfc062723c751e8b465ee728b)
Start importing Assets/Forst/Conifers [BOTD]/Render Pipeline Support/URP/Sources/Billboards/Conifer Medium_BillboardMaterial.mat using Guid(c72ddc6b6a4d7ee4eb456eec94e826ae) Importer(815301076,1909f56bfc062723c751e8b465ee728b)  -> (artifact id: '824f0c05ce7b46ec9c8b132782e2e40a') in 0.015466 seconds
Number of updated asset objects reloaded before import = 0
Number of asset objects unloaded after import = 3
========================================================================
Received Import Request.
  Time since last request: 2.796473 seconds.
  path: Assets/FourEvilDragonsHP/Materials/DragonNightmare/BlueHP.mat
  artifactKey: Guid(81d2b67dc7484724095d4343217c4e31) Importer(815301076,1909f56bfc062723c751e8b465ee728b)
Start importing Assets/FourEvilDragonsHP/Materials/DragonNightmare/BlueHP.mat using Guid(81d2b67dc7484724095d4343217c4e31) Importer(815301076,1909f56bfc062723c751e8b465ee728b)  -> (artifact id: 'b829ac3237af360a5a37756b3729f9bf') in 0.025740 seconds
Number of updated asset objects reloaded before import = 0
Number of asset objects unloaded after import = 2
========================================================================
Received Import Request.
  Time since last request: 0.146117 seconds.
  path: Assets/FourEvilDragonsHP/Materials/DragonTerrorBringer/BlueHP.mat
  artifactKey: Guid(dcc7344671ccf0044a1fb5038007860e) Importer(815301076,1909f56bfc062723c751e8b465ee728b)
Start importing Assets/FourEvilDragonsHP/Materials/DragonTerrorBringer/BlueHP.mat using Guid(dcc7344671ccf0044a1fb5038007860e) Importer(815301076,1909f56bfc062723c751e8b465ee728b)  -> (artifact id: 'b55e765a29f41c21bfe5ff7298297436') in 0.019974 seconds
Number of updated asset objects reloaded before import = 0
Number of asset objects unloaded after import = 2
========================================================================
Received Import Request.
  Time since last request: 2.264302 seconds.
  path: Assets/Baker House/Models/Materials/Baker_house_snow.mat
  artifactKey: Guid(edbb61ce7eb50e94cba6fa630e32a58f) Importer(815301076,1909f56bfc062723c751e8b465ee728b)
Start importing Assets/Baker House/Models/Materials/Baker_house_snow.mat using Guid(edbb61ce7eb50e94cba6fa630e32a58f) Importer(815301076,1909f56bfc062723c751e8b465ee728b)  -> (artifact id: '94c9816eeb69d6a22b203007f49e82b7') in 0.020667 seconds
Number of updated asset objects reloaded before import = 0
Number of asset objects unloaded after import = 1
