Using pre-set license
Built from '2022.3/staging' branch; Version is '2022.3.22f1 (887be4894c44) revision 8944612'; Using compiler version '192829333'; Build Type 'Release'
OS: 'Windows 11  (10.0.22631) 64bit Professional' Language: 'en' Physical Memory: 32541 MB
BatchMode: 1, IsHumanControllingUs: 0, StartBugReporterOnCrash: 0, Is64bit: 1, IsPro: 1

COMMAND LINE ARGUMENTS:
C:\Program Files\Unity\Hub\Editor\2022.3.22f1\Editor\Unity.exe
-adb2
-batchMode
-noUpm
-name
AssetImportWorker1
-projectPath
C:/Users/dome3/OneDrive/Desktop/Programas/UnityVideojuegos/My project
-logFile
Logs/AssetImportWorker1.log
-srvPort
63690
Successfully changed project path to: C:/Users/dome3/OneDrive/Desktop/Programas/UnityVideojuegos/My project
C:/Users/dome3/OneDrive/Desktop/Programas/UnityVideojuegos/My project
[UnityMemory] Configuration Parameters - Can be set up in boot.config
    "memorysetup-bucket-allocator-granularity=16"
    "memorysetup-bucket-allocator-bucket-count=8"
    "memorysetup-bucket-allocator-block-size=33554432"
    "memorysetup-bucket-allocator-block-count=8"
    "memorysetup-main-allocator-block-size=16777216"
    "memorysetup-thread-allocator-block-size=16777216"
    "memorysetup-gfx-main-allocator-block-size=16777216"
    "memorysetup-gfx-thread-allocator-block-size=16777216"
    "memorysetup-cache-allocator-block-size=4194304"
    "memorysetup-typetree-allocator-block-size=2097152"
    "memorysetup-profiler-bucket-allocator-granularity=16"
    "memorysetup-profiler-bucket-allocator-bucket-count=8"
    "memorysetup-profiler-bucket-allocator-block-size=33554432"
    "memorysetup-profiler-bucket-allocator-block-count=8"
    "memorysetup-profiler-allocator-block-size=16777216"
    "memorysetup-profiler-editor-allocator-block-size=1048576"
    "memorysetup-temp-allocator-size-main=16777216"
    "memorysetup-job-temp-allocator-block-size=2097152"
    "memorysetup-job-temp-allocator-block-size-background=1048576"
    "memorysetup-job-temp-allocator-reduction-small-platforms=262144"
    "memorysetup-allocator-temp-initial-block-size-main=262144"
    "memorysetup-allocator-temp-initial-block-size-worker=262144"
    "memorysetup-temp-allocator-size-background-worker=32768"
    "memorysetup-temp-allocator-size-job-worker=262144"
    "memorysetup-temp-allocator-size-preload-manager=33554432"
    "memorysetup-temp-allocator-size-nav-mesh-worker=65536"
    "memorysetup-temp-allocator-size-audio-worker=65536"
    "memorysetup-temp-allocator-size-cloud-worker=32768"
    "memorysetup-temp-allocator-size-gi-baking-worker=262144"
    "memorysetup-temp-allocator-size-gfx=262144"
Player connection [14144] Host "[IP] 192.168.71.1 [Port] 0 [Flags] 2 [Guid] 3442483966 [EditorId] 3442483966 [Version] 1048832 [Id] WindowsEditor(7,DESKTOP-RCKDGFF) [Debug] 1 [PackageName] WindowsEditor [ProjectName] Editor" joined multi-casting on [225.0.0.222:54997]...

Player connection [14144] Host "[IP] 192.168.71.1 [Port] 0 [Flags] 2 [Guid] 3442483966 [EditorId] 3442483966 [Version] 1048832 [Id] WindowsEditor(7,DESKTOP-RCKDGFF) [Debug] 1 [PackageName] WindowsEditor [ProjectName] Editor" joined alternative multi-casting on [225.0.0.222:34997]...

[Physics::Module] Initialized MultithreadedJobDispatcher with 7 workers.
Refreshing native plugins compatible for Editor in 14.91 ms, found 3 plugins.
Preloading 0 native plugins for Editor in 0.00 ms.
Initialize engine version: 2022.3.22f1 (887be4894c44)
[Subsystems] Discovering subsystems at path C:/Program Files/Unity/Hub/Editor/2022.3.22f1/Editor/Data/Resources/UnitySubsystems
[Subsystems] Discovering subsystems at path C:/Users/dome3/OneDrive/Desktop/Programas/UnityVideojuegos/My project/Assets
GfxDevice: creating device client; threaded=0; jobified=0
Direct3D:
    Version:  Direct3D 11.0 [level 11.1]
    Renderer: Intel(R) UHD Graphics (ID=0x9b41)
    Vendor:   Intel
    VRAM:     16270 MB
    Driver:   30.0.101.1122
Initialize mono
Mono path[0] = 'C:/Program Files/Unity/Hub/Editor/2022.3.22f1/Editor/Data/Managed'
Mono path[1] = 'C:/Program Files/Unity/Hub/Editor/2022.3.22f1/Editor/Data/MonoBleedingEdge/lib/mono/unityjit-win32'
Mono config path = 'C:/Program Files/Unity/Hub/Editor/2022.3.22f1/Editor/Data/MonoBleedingEdge/etc'
Using monoOptions --debugger-agent=transport=dt_socket,embedding=1,server=y,suspend=n,address=127.0.0.1:56840
Begin MonoManager ReloadAssembly
Registering precompiled unity dll's ...
Register platform support module: C:/Program Files/Unity/Hub/Editor/2022.3.22f1/Editor/Data/PlaybackEngines/WebGLSupport/UnityEditor.WebGL.Extensions.dll
Register platform support module: C:/Program Files/Unity/Hub/Editor/2022.3.22f1/Editor/Data/PlaybackEngines/AndroidPlayer/UnityEditor.Android.Extensions.dll
Register platform support module: C:/Program Files/Unity/Hub/Editor/2022.3.22f1/Editor/Data/PlaybackEngines/WindowsStandaloneSupport/UnityEditor.WindowsStandalone.Extensions.dll
Register platform support module: C:/Program Files/Unity/Hub/Editor/2022.3.22f1/Editor/Data/PlaybackEngines/MetroSupport/UnityEditor.UWP.Extensions.dll
Registered in 0.020605 seconds.
- Loaded All Assemblies, in  0.645 seconds
Native extension for UWP target not found
Native extension for WindowsStandalone target not found
Native extension for Android target not found
Android Extension - Scanning For ADB Devices 694 ms
Native extension for WebGL target not found
Mono: successfully reloaded assembly
- Finished resetting the current domain, in  1.318 seconds
Domain Reload Profiling: 1961ms
	BeginReloadAssembly (191ms)
		ExecutionOrderSort (0ms)
		DisableScriptedObjects (0ms)
		BackupInstance (0ms)
		ReleaseScriptingObjects (0ms)
		CreateAndSetChildDomain (1ms)
	RebuildCommonClasses (59ms)
	RebuildNativeTypeToScriptingClass (20ms)
	initialDomainReloadingComplete (105ms)
	LoadAllAssembliesAndSetupDomain (267ms)
		LoadAssemblies (188ms)
		RebuildTransferFunctionScriptingTraits (0ms)
		AnalyzeDomain (263ms)
			TypeCache.Refresh (261ms)
				TypeCache.ScanAssembly (235ms)
			ScanForSourceGeneratedMonoScriptInfo (1ms)
			ResolveRequiredComponents (1ms)
	FinalizeReload (1319ms)
		ReleaseScriptCaches (0ms)
		RebuildScriptCaches (0ms)
		SetupLoadedEditorAssemblies (1212ms)
			LogAssemblyErrors (0ms)
			InitializePlatformSupportModulesInManaged (900ms)
			SetLoadedEditorAssemblies (7ms)
			RefreshPlugins (0ms)
			BeforeProcessingInitializeOnLoad (4ms)
			ProcessInitializeOnLoadAttributes (210ms)
			ProcessInitializeOnLoadMethodAttributes (92ms)
			AfterProcessingInitializeOnLoad (0ms)
			EditorAssembliesLoaded (0ms)
		ExecutionOrderSort2 (0ms)
		AwakeInstancesAfterBackupRestoration (0ms)
========================================================================
Worker process is ready to serve import requests
Begin MonoManager ReloadAssembly
- Loaded All Assemblies, in  1.759 seconds
Refreshing native plugins compatible for Editor in 7.84 ms, found 3 plugins.
Native extension for UWP target not found
Native extension for WindowsStandalone target not found
Native extension for Android target not found
Native extension for WebGL target not found
Package Manager log level set to [2]
[Package Manager] Server::EnsureServerProcessIsRunning -- launch failed, reason: Unity was launched with the -noUpm command-line argument
[Package Manager] UpmClient::Send -- Unable to send message (not connected to UPM process).
[Package Manager] Cannot connect to Unity Package Manager local server
Mono: successfully reloaded assembly
- Finished resetting the current domain, in  1.757 seconds
Domain Reload Profiling: 3510ms
	BeginReloadAssembly (438ms)
		ExecutionOrderSort (0ms)
		DisableScriptedObjects (17ms)
		BackupInstance (0ms)
		ReleaseScriptingObjects (0ms)
		CreateAndSetChildDomain (55ms)
	RebuildCommonClasses (95ms)
	RebuildNativeTypeToScriptingClass (37ms)
	initialDomainReloadingComplete (122ms)
	LoadAllAssembliesAndSetupDomain (1060ms)
		LoadAssemblies (811ms)
		RebuildTransferFunctionScriptingTraits (0ms)
		AnalyzeDomain (506ms)
			TypeCache.Refresh (455ms)
				TypeCache.ScanAssembly (412ms)
			ScanForSourceGeneratedMonoScriptInfo (36ms)
			ResolveRequiredComponents (12ms)
	FinalizeReload (1758ms)
		ReleaseScriptCaches (0ms)
		RebuildScriptCaches (0ms)
		SetupLoadedEditorAssemblies (1347ms)
			LogAssemblyErrors (0ms)
			InitializePlatformSupportModulesInManaged (71ms)
			SetLoadedEditorAssemblies (14ms)
			RefreshPlugins (0ms)
			BeforeProcessingInitializeOnLoad (162ms)
			ProcessInitializeOnLoadAttributes (984ms)
			ProcessInitializeOnLoadMethodAttributes (101ms)
			AfterProcessingInitializeOnLoad (15ms)
			EditorAssembliesLoaded (0ms)
		ExecutionOrderSort2 (0ms)
		AwakeInstancesAfterBackupRestoration (20ms)
Launched and connected shader compiler UnityShaderCompiler.exe after 0.21 seconds
Refreshing native plugins compatible for Editor in 8.87 ms, found 3 plugins.
Preloading 0 native plugins for Editor in 0.00 ms.
Unloading 3106 Unused Serialized files (Serialized files now loaded: 0)
Unloading 31 unused Assets / (29.7 KB). Loaded Objects now: 3596.
Memory consumption went from 139.5 MB to 139.5 MB.
Total: 7.939000 ms (FindLiveObjects: 0.542400 ms CreateObjectMapping: 0.449100 ms MarkObjects: 6.809600 ms  DeleteObjects: 0.135200 ms)

AssetImportParameters requested are different than current active one (requested -> active):
  custom:container-demuxer-ogg: 62fdf1f143b41e24485cea50d1cbac27 -> 
  custom:video-codec-MediaFoundation-h265: 746d11721c4dcdbdad8f713fa42b33f4 -> 
  custom:video-decoder-ogg-theora: a1e56fd34408186e4bbccfd4996cb3dc -> 
  custom:framework-win-MediaFoundation: 216162199b28c13a410421893ffa2e32 -> 
  custom:CustomObjectIndexerAttribute: 9a22284fe3817be447336de3de66b15e -> 
  custom:container-demuxer-webm: 4f35f7cbe854078d1ac9338744f61a02 -> 
  custom:container-muxer-webm: aa71ff27fc2769a1b78a27578f13a17b -> 
  custom:video-decoder-webm-vp8: 9c59270c3fd7afecdb556c50c9e8de78 -> 
  custom:SearchIndexIgnoredProperties: e643bd26f0fe6173181afceb89e7c659 -> 
  custom:AudioImporter_EditorPlatform: d09bf68614088b80899f8185d706f6e7 -> 
  custom:video-encoder-webm-vp8: eb34c28f22e8b96e1ab97ce403110664 -> 
  custom:audio-decoder-ogg-vorbis: bf7c407c2cedff20999df2af8eb42d56 -> 
  custom:audio-encoder-webm-vorbis: bf7c407c2cedff20999df2af8eb42d56 -> 
========================================================================
Received Import Request.
  Time since last request: 175779.948242 seconds.
  path: Assets/FourEvilDragonsHP/Animations/DragonSoulEater/Basic Attack.fbx
  artifactKey: Guid(5d9efb65c776b714fb5123711f07de0c) Importer(815301076,1909f56bfc062723c751e8b465ee728b)
Start importing Assets/FourEvilDragonsHP/Animations/DragonSoulEater/Basic Attack.fbx using Guid(5d9efb65c776b714fb5123711f07de0c) Importer(815301076,1909f56bfc062723c751e8b465ee728b)  -> (artifact id: '04811a4970fc612bc90c2ec53d6b0538') in 2.449019 seconds
Number of updated asset objects reloaded before import = 0
Number of asset objects unloaded after import = 133
========================================================================
Received Import Request.
  Time since last request: 0.000080 seconds.
  path: Assets/BrokenVector/LowPolyBrickHouses/Models/RiverWallCorner.dae
  artifactKey: Guid(523b40a37bb96154d9b7eaa01c7d3501) Importer(815301076,1909f56bfc062723c751e8b465ee728b)
Start importing Assets/BrokenVector/LowPolyBrickHouses/Models/RiverWallCorner.dae using Guid(523b40a37bb96154d9b7eaa01c7d3501) Importer(815301076,1909f56bfc062723c751e8b465ee728b)  -> (artifact id: '28da13fd193a58b95f95a75d3b52d821') in 0.083687 seconds
Number of updated asset objects reloaded before import = 0
Number of asset objects unloaded after import = 8
========================================================================
Received Import Request.
  Time since last request: 0.000036 seconds.
  path: Assets/BrokenVector/LowPolyBrickHouses/Prefabs/Foliage_3.prefab
  artifactKey: Guid(dc83d82e59754f34ea737a544b53fc9a) Importer(815301076,1909f56bfc062723c751e8b465ee728b)
Start importing Assets/BrokenVector/LowPolyBrickHouses/Prefabs/Foliage_3.prefab using Guid(dc83d82e59754f34ea737a544b53fc9a) Importer(815301076,1909f56bfc062723c751e8b465ee728b)  -> (artifact id: '75fb6db5103426fec1f5d63d80174ba8') in 6.090490 seconds
Number of updated asset objects reloaded before import = 0
Number of asset objects unloaded after import = 11
========================================================================
Received Import Request.
  Time since last request: 0.000057 seconds.
  path: Assets/FourEvilDragonsHP/Animations/DragonTerrorBringer/Defend.fbx
  artifactKey: Guid(44efacea9a9a1394c9a977bd6dd3972c) Importer(815301076,1909f56bfc062723c751e8b465ee728b)
Start importing Assets/FourEvilDragonsHP/Animations/DragonTerrorBringer/Defend.fbx using Guid(44efacea9a9a1394c9a977bd6dd3972c) Importer(815301076,1909f56bfc062723c751e8b465ee728b)  -> (artifact id: '634b45564895c81ae361a33997d0d03d') in 0.084079 seconds
Number of updated asset objects reloaded before import = 0
Number of asset objects unloaded after import = 177
========================================================================
Received Import Request.
  Time since last request: 0.000047 seconds.
  path: Assets/FourEvilDragonsHP/Prefab/DragonTerrorBringer/Red.prefab
  artifactKey: Guid(59c100dd669d88f46b60555886d4dae7) Importer(815301076,1909f56bfc062723c751e8b465ee728b)
Start importing Assets/FourEvilDragonsHP/Prefab/DragonTerrorBringer/Red.prefab using Guid(59c100dd669d88f46b60555886d4dae7) Importer(815301076,1909f56bfc062723c751e8b465ee728b)  -> (artifact id: '1b093ef812070e0158c0ee0d2429ea4b') in 2.384925 seconds
Number of updated asset objects reloaded before import = 0
Number of asset objects unloaded after import = 234
========================================================================
Received Import Request.
  Time since last request: 0.000048 seconds.
  path: Assets/FourEvilDragonsHP/Animations/DragonUsurper/attackMouth.fbx
  artifactKey: Guid(9ad2ad510a1fd694392849b8dce337e3) Importer(815301076,1909f56bfc062723c751e8b465ee728b)
Start importing Assets/FourEvilDragonsHP/Animations/DragonUsurper/attackMouth.fbx using Guid(9ad2ad510a1fd694392849b8dce337e3) Importer(815301076,1909f56bfc062723c751e8b465ee728b)  -> (artifact id: 'b96fbfd5e5f3a915c25cff73d37e4eac') in 0.101535 seconds
Number of updated asset objects reloaded before import = 0
Number of asset objects unloaded after import = 249
========================================================================
Received Import Request.
  Time since last request: 0.000076 seconds.
  path: Assets/FourEvilDragonsHP/Animations/DragonNightMare/walkBack.fbx
  artifactKey: Guid(febc3ddda9a2b7e48a803fdfeeaf757d) Importer(815301076,1909f56bfc062723c751e8b465ee728b)
Start importing Assets/FourEvilDragonsHP/Animations/DragonNightMare/walkBack.fbx using Guid(febc3ddda9a2b7e48a803fdfeeaf757d) Importer(815301076,1909f56bfc062723c751e8b465ee728b)  -> (artifact id: '66bb41aea52b7a3d833a515f7dcf247c') in 0.099291 seconds
Number of updated asset objects reloaded before import = 0
Number of asset objects unloaded after import = 155
========================================================================
Received Import Request.
  Time since last request: 0.000045 seconds.
  path: Assets/BrokenVector/LowPolyBrickHouses/Models/Bench.dae
  artifactKey: Guid(7ec18ac651a9f22408e214d5e9f44651) Importer(815301076,1909f56bfc062723c751e8b465ee728b)
Start importing Assets/BrokenVector/LowPolyBrickHouses/Models/Bench.dae using Guid(7ec18ac651a9f22408e214d5e9f44651) Importer(815301076,1909f56bfc062723c751e8b465ee728b)  -> (artifact id: '68016476e1872b2df45c95cd09a0e3d1') in 0.068398 seconds
Number of updated asset objects reloaded before import = 0
Number of asset objects unloaded after import = 8
========================================================================
Received Import Request.
  Time since last request: 0.000041 seconds.
  path: Assets/FourEvilDragonsHP/Animations/DragonUsurper/Walk.fbx
  artifactKey: Guid(9f159f6b3339be1409c27761d89f18bd) Importer(815301076,1909f56bfc062723c751e8b465ee728b)
Start importing Assets/FourEvilDragonsHP/Animations/DragonUsurper/Walk.fbx using Guid(9f159f6b3339be1409c27761d89f18bd) Importer(815301076,1909f56bfc062723c751e8b465ee728b)  -> (artifact id: 'b40cc0dcc0e55c00e600c1bb28870c05') in 0.188317 seconds
Number of updated asset objects reloaded before import = 0
Number of asset objects unloaded after import = 249
========================================================================
Received Import Request.
  Time since last request: 0.000041 seconds.
  path: Assets/FourEvilDragonsHP/Animations/DragonTerrorBringer/idle02.fbx
  artifactKey: Guid(cbbe4ed6e6acf294e9df235ff6184874) Importer(815301076,1909f56bfc062723c751e8b465ee728b)
Start importing Assets/FourEvilDragonsHP/Animations/DragonTerrorBringer/idle02.fbx using Guid(cbbe4ed6e6acf294e9df235ff6184874) Importer(815301076,1909f56bfc062723c751e8b465ee728b)  -> (artifact id: 'a8a3507ca41ddef99a84b19018d31ed2') in 0.217589 seconds
Number of updated asset objects reloaded before import = 0
Number of asset objects unloaded after import = 177
========================================================================
Received Import Request.
  Time since last request: 0.000154 seconds.
  path: Assets/BrokenVector/LowPolyBrickHouses/Prefabs/Parasol.prefab
  artifactKey: Guid(9552a629a90d25c41bc7836cad49268a) Importer(815301076,1909f56bfc062723c751e8b465ee728b)
Start importing Assets/BrokenVector/LowPolyBrickHouses/Prefabs/Parasol.prefab using Guid(9552a629a90d25c41bc7836cad49268a) Importer(815301076,1909f56bfc062723c751e8b465ee728b)  -> (artifact id: '0ea1168aad68cefebd6978708d6043a5') in 0.901295 seconds
Number of updated asset objects reloaded before import = 0
Number of asset objects unloaded after import = 10
========================================================================
Received Import Request.
  Time since last request: 0.003163 seconds.
  path: Assets/Piloto Studio/Campfire And Torches Pack/Prefabs/SM_props_candle_02_AmbienceFX.prefab
  artifactKey: Guid(9ba1d8ab6c11e2f49bd24ffc7408e505) Importer(815301076,1909f56bfc062723c751e8b465ee728b)
Start importing Assets/Piloto Studio/Campfire And Torches Pack/Prefabs/SM_props_candle_02_AmbienceFX.prefab using Guid(9ba1d8ab6c11e2f49bd24ffc7408e505) Importer(815301076,1909f56bfc062723c751e8b465ee728b)  -> (artifact id: '5e510ac1d1736f00164bc6673f9de50f') in 0.117450 seconds
Number of updated asset objects reloaded before import = 0
Number of asset objects unloaded after import = 29
========================================================================
Received Import Request.
  Time since last request: 0.000045 seconds.
  path: Assets/FourEvilDragonsHP/Prefab/DragonSoulEater/Red.prefab
  artifactKey: Guid(70f277dcf2cdfdd4db7ee0ca76e07767) Importer(815301076,1909f56bfc062723c751e8b465ee728b)
Start importing Assets/FourEvilDragonsHP/Prefab/DragonSoulEater/Red.prefab using Guid(70f277dcf2cdfdd4db7ee0ca76e07767) Importer(815301076,1909f56bfc062723c751e8b465ee728b)  -> (artifact id: 'c85f894cabaab51e00fdc2a029cbabcf') in 0.179725 seconds
Number of updated asset objects reloaded before import = 0
Number of asset objects unloaded after import = 187
========================================================================
Received Import Request.
  Time since last request: 0.000178 seconds.
  path: Assets/BrokenVector/LowPolyBrickHouses/Prefabs/Foliage_1.prefab
  artifactKey: Guid(f46943be9ee7353449ca75c6fd768ddf) Importer(815301076,1909f56bfc062723c751e8b465ee728b)
Start importing Assets/BrokenVector/LowPolyBrickHouses/Prefabs/Foliage_1.prefab using Guid(f46943be9ee7353449ca75c6fd768ddf) Importer(815301076,1909f56bfc062723c751e8b465ee728b)  -> (artifact id: 'f7b08279cacbdeb745c93f367c9e8f43') in 0.075378 seconds
Number of updated asset objects reloaded before import = 0
Number of asset objects unloaded after import = 11
========================================================================
Received Import Request.
  Time since last request: 0.000075 seconds.
  path: Assets/Piloto Studio/Campfire And Torches Pack/Prefabs/SM_torch_001_AmbienceFX.prefab
  artifactKey: Guid(9a8a745f10692fd4b82039a679ffcaf8) Importer(815301076,1909f56bfc062723c751e8b465ee728b)
Start importing Assets/Piloto Studio/Campfire And Torches Pack/Prefabs/SM_torch_001_AmbienceFX.prefab using Guid(9a8a745f10692fd4b82039a679ffcaf8) Importer(815301076,1909f56bfc062723c751e8b465ee728b)  -> (artifact id: 'bfb354efaaebe524d4ad412bfa5498c8') in 0.098849 seconds
Number of updated asset objects reloaded before import = 0
Number of asset objects unloaded after import = 38
========================================================================
Received Import Request.
  Time since last request: 0.000047 seconds.
  path: Assets/FourEvilDragonsHP/Prefab/DragonUsurper/Red.prefab
  artifactKey: Guid(eb58e8f2831a51f45a44a261e6710cdd) Importer(815301076,1909f56bfc062723c751e8b465ee728b)
Start importing Assets/FourEvilDragonsHP/Prefab/DragonUsurper/Red.prefab using Guid(eb58e8f2831a51f45a44a261e6710cdd) Importer(815301076,1909f56bfc062723c751e8b465ee728b)  -> (artifact id: '1d64df8e003d0c8ccf4c50d1ff393432') in 0.172236 seconds
Number of updated asset objects reloaded before import = 0
Number of asset objects unloaded after import = 306
========================================================================
Received Import Request.
  Time since last request: 0.000063 seconds.
  path: Assets/Piloto Studio/Campfire And Torches Pack/Models/SM_planks_002.fbx
  artifactKey: Guid(396dd49eaa85abf43b578d5c256863e1) Importer(815301076,1909f56bfc062723c751e8b465ee728b)
Start importing Assets/Piloto Studio/Campfire And Torches Pack/Models/SM_planks_002.fbx using Guid(396dd49eaa85abf43b578d5c256863e1) Importer(815301076,1909f56bfc062723c751e8b465ee728b)  -> (artifact id: '778fc60b79de0c8b7ff6e3c9d82661ba') in 0.078903 seconds
Number of updated asset objects reloaded before import = 0
Number of asset objects unloaded after import = 7
========================================================================
Received Import Request.
  Time since last request: 0.000057 seconds.
  path: Assets/Piloto Studio/Campfire And Torches Pack/Models/SM_torch_003.fbx
  artifactKey: Guid(d304df27d965ec941bffd02ff03a4d69) Importer(815301076,1909f56bfc062723c751e8b465ee728b)
Start importing Assets/Piloto Studio/Campfire And Torches Pack/Models/SM_torch_003.fbx using Guid(d304df27d965ec941bffd02ff03a4d69) Importer(815301076,1909f56bfc062723c751e8b465ee728b)  -> (artifact id: '911ab3e8a223773cc5757585bcaaca34') in 0.057023 seconds
Number of updated asset objects reloaded before import = 0
Number of asset objects unloaded after import = 7
========================================================================
Received Import Request.
  Time since last request: 0.000036 seconds.
  path: Assets/FourEvilDragonsHP/Animations/DragonSoulEater/Defend.fbx
  artifactKey: Guid(e0b6d06a8887b3641a0608659230e121) Importer(815301076,1909f56bfc062723c751e8b465ee728b)
Start importing Assets/FourEvilDragonsHP/Animations/DragonSoulEater/Defend.fbx using Guid(e0b6d06a8887b3641a0608659230e121) Importer(815301076,1909f56bfc062723c751e8b465ee728b)  -> (artifact id: 'eb3ae549d420c8cde4bd0d8e9e1d30d4') in 0.108402 seconds
Number of updated asset objects reloaded before import = 0
Number of asset objects unloaded after import = 133
========================================================================
Received Import Request.
  Time since last request: 0.000035 seconds.
  path: Assets/Piloto Studio/Campfire And Torches Pack/Models/SM_campfire_001.fbx
  artifactKey: Guid(7bdf6515110869142b46bac661edc2c4) Importer(815301076,1909f56bfc062723c751e8b465ee728b)
Start importing Assets/Piloto Studio/Campfire And Torches Pack/Models/SM_campfire_001.fbx using Guid(7bdf6515110869142b46bac661edc2c4) Importer(815301076,1909f56bfc062723c751e8b465ee728b)  -> (artifact id: '739ac69af54e2896805ecf32625b8dd8') in 0.068081 seconds
Number of updated asset objects reloaded before import = 0
Number of asset objects unloaded after import = 7
========================================================================
Received Import Request.
  Time since last request: 0.000053 seconds.
  path: Assets/FourEvilDragonsHP/Animations/DragonUsurper/FlyGlide.fbx
  artifactKey: Guid(14d524dd6d57c094da8d73fee5077c6d) Importer(815301076,1909f56bfc062723c751e8b465ee728b)
Start importing Assets/FourEvilDragonsHP/Animations/DragonUsurper/FlyGlide.fbx using Guid(14d524dd6d57c094da8d73fee5077c6d) Importer(815301076,1909f56bfc062723c751e8b465ee728b)  -> (artifact id: '14508ac28b8f722f49a0e8d0588260e7') in 0.113226 seconds
Number of updated asset objects reloaded before import = 0
Number of asset objects unloaded after import = 249
========================================================================
Received Import Request.
  Time since last request: 0.000062 seconds.
  path: Assets/FourEvilDragonsHP/Animations/DragonNightMare/scream.fbx
  artifactKey: Guid(111c5f2baba40874c84636fdf0cf746e) Importer(815301076,1909f56bfc062723c751e8b465ee728b)
Start importing Assets/FourEvilDragonsHP/Animations/DragonNightMare/scream.fbx using Guid(111c5f2baba40874c84636fdf0cf746e) Importer(815301076,1909f56bfc062723c751e8b465ee728b)  -> (artifact id: '2aad615c74fd11312d50135e92a68a43') in 0.109852 seconds
Number of updated asset objects reloaded before import = 0
Number of asset objects unloaded after import = 155
========================================================================
Received Import Request.
  Time since last request: 0.000044 seconds.
  path: Assets/Piloto Studio/Campfire And Torches Pack/Prefabs/SM_torch_002.prefab
  artifactKey: Guid(a7bfcc842cc1fca4d8fd3b4916784eab) Importer(815301076,1909f56bfc062723c751e8b465ee728b)
Start importing Assets/Piloto Studio/Campfire And Torches Pack/Prefabs/SM_torch_002.prefab using Guid(a7bfcc842cc1fca4d8fd3b4916784eab) Importer(815301076,1909f56bfc062723c751e8b465ee728b)  -> (artifact id: 'ee26b71ee61af5a6b78c5f88c4b9feae') in 0.028937 seconds
Number of updated asset objects reloaded before import = 0
Number of asset objects unloaded after import = 8
========================================================================
Received Import Request.
  Time since last request: 0.000042 seconds.
  path: Assets/FourEvilDragonsHP/Prefab/DragonTerrorBringer/Purple.prefab
  artifactKey: Guid(8e302007cba46d94b970c6a0955b9628) Importer(815301076,1909f56bfc062723c751e8b465ee728b)
Start importing Assets/FourEvilDragonsHP/Prefab/DragonTerrorBringer/Purple.prefab using Guid(8e302007cba46d94b970c6a0955b9628) Importer(815301076,1909f56bfc062723c751e8b465ee728b)  -> (artifact id: 'fbd768fd55c1c10ddfef03664a1ae070') in 0.104118 seconds
Number of updated asset objects reloaded before import = 0
Number of asset objects unloaded after import = 234
========================================================================
Received Import Request.
  Time since last request: 0.000062 seconds.
  path: Assets/FourEvilDragonsHP/Animations/DragonNightMare/getHit.fbx
  artifactKey: Guid(a640f611148020047b485abcfdbb49cf) Importer(815301076,1909f56bfc062723c751e8b465ee728b)
Start importing Assets/FourEvilDragonsHP/Animations/DragonNightMare/getHit.fbx using Guid(a640f611148020047b485abcfdbb49cf) Importer(815301076,1909f56bfc062723c751e8b465ee728b)  -> (artifact id: 'cc8ef0008530ea47ebdb22017186e692') in 0.118372 seconds
Number of updated asset objects reloaded before import = 0
Number of asset objects unloaded after import = 155
========================================================================
Received Import Request.
  Time since last request: 0.000071 seconds.
  path: Assets/Piloto Studio/Campfire And Torches Pack/Prefabs/SM_planks_001_AmbienceFX.prefab
  artifactKey: Guid(25c73e10777eb9b4d9a653b3c61d4f6c) Importer(815301076,1909f56bfc062723c751e8b465ee728b)
Start importing Assets/Piloto Studio/Campfire And Torches Pack/Prefabs/SM_planks_001_AmbienceFX.prefab using Guid(25c73e10777eb9b4d9a653b3c61d4f6c) Importer(815301076,1909f56bfc062723c751e8b465ee728b)  -> (artifact id: '1238856316ed144aaf5b75998915b54f') in 0.064938 seconds
Number of updated asset objects reloaded before import = 0
Number of asset objects unloaded after import = 43
========================================================================
Received Import Request.
  Time since last request: 0.000050 seconds.
  path: Assets/FourEvilDragonsHP/Animations/DragonSoulEater/Fly Glide.fbx
  artifactKey: Guid(28a39de94def6c84ca4b447fa78a3a66) Importer(815301076,1909f56bfc062723c751e8b465ee728b)
Start importing Assets/FourEvilDragonsHP/Animations/DragonSoulEater/Fly Glide.fbx using Guid(28a39de94def6c84ca4b447fa78a3a66) Importer(815301076,1909f56bfc062723c751e8b465ee728b)  -> (artifact id: '5ca212b14cd417beb4c4adc9cd76d7c6') in 0.097267 seconds
Number of updated asset objects reloaded before import = 0
Number of asset objects unloaded after import = 133
========================================================================
Received Import Request.
  Time since last request: 0.000035 seconds.
  path: Assets/Piloto Studio/Campfire And Torches Pack/Prefabs/SM_irontorch_001.prefab
  artifactKey: Guid(d4a432448a3d5e647bc2eb4e9fbddece) Importer(815301076,1909f56bfc062723c751e8b465ee728b)
Start importing Assets/Piloto Studio/Campfire And Torches Pack/Prefabs/SM_irontorch_001.prefab using Guid(d4a432448a3d5e647bc2eb4e9fbddece) Importer(815301076,1909f56bfc062723c751e8b465ee728b)  -> (artifact id: '6d45250815acb07d9538219b115b4f7f') in 0.026765 seconds
Number of updated asset objects reloaded before import = 0
Number of asset objects unloaded after import = 8
========================================================================
Received Import Request.
  Time since last request: 0.000036 seconds.
  path: Assets/FourEvilDragonsHP/Animations/DragonNightMare/die.fbx
  artifactKey: Guid(4b1dcfc331de54549a94b650385f751e) Importer(815301076,1909f56bfc062723c751e8b465ee728b)
Start importing Assets/FourEvilDragonsHP/Animations/DragonNightMare/die.fbx using Guid(4b1dcfc331de54549a94b650385f751e) Importer(815301076,1909f56bfc062723c751e8b465ee728b)  -> (artifact id: 'd13b7ff5378f902fc1af36546eabe1a0') in 0.109091 seconds
Number of updated asset objects reloaded before import = 0
Number of asset objects unloaded after import = 155
========================================================================
Received Import Request.
  Time since last request: 0.000140 seconds.
  path: Assets/Piloto Studio/Campfire And Torches Pack/Prefabs/SM_campfire_005.prefab
  artifactKey: Guid(82d060d0e8fd9164f8f61aaf7a148b46) Importer(815301076,1909f56bfc062723c751e8b465ee728b)
Start importing Assets/Piloto Studio/Campfire And Torches Pack/Prefabs/SM_campfire_005.prefab using Guid(82d060d0e8fd9164f8f61aaf7a148b46) Importer(815301076,1909f56bfc062723c751e8b465ee728b)  -> (artifact id: '5a38ff5db5c70aae090d60774da17e60') in 0.051503 seconds
Number of updated asset objects reloaded before import = 0
Number of asset objects unloaded after import = 8
========================================================================
Received Import Request.
  Time since last request: 0.000063 seconds.
  path: Assets/BrokenVector/LowPolyBrickHouses/Models/ShoreRock.dae
  artifactKey: Guid(ee1899eea84135f4ab0a6afbcfe20b3d) Importer(815301076,1909f56bfc062723c751e8b465ee728b)
Start importing Assets/BrokenVector/LowPolyBrickHouses/Models/ShoreRock.dae using Guid(ee1899eea84135f4ab0a6afbcfe20b3d) Importer(815301076,1909f56bfc062723c751e8b465ee728b)  -> (artifact id: 'bb27c9342ab25fe173677f8c3d4a3532') in 0.067231 seconds
Number of updated asset objects reloaded before import = 0
Number of asset objects unloaded after import = 8
========================================================================
Received Import Request.
  Time since last request: 0.000037 seconds.
  path: Assets/Piloto Studio/Campfire And Torches Pack/Prefabs/SM_irontorch_001_AmbienceFX.prefab
  artifactKey: Guid(a00646ffdd0c8c94aab1d8cea35c7847) Importer(815301076,1909f56bfc062723c751e8b465ee728b)
Start importing Assets/Piloto Studio/Campfire And Torches Pack/Prefabs/SM_irontorch_001_AmbienceFX.prefab using Guid(a00646ffdd0c8c94aab1d8cea35c7847) Importer(815301076,1909f56bfc062723c751e8b465ee728b)  -> (artifact id: 'a86e567903333f8015fe0bdc789f0ecd') in 0.078242 seconds
Number of updated asset objects reloaded before import = 0
Number of asset objects unloaded after import = 38
========================================================================
Received Import Request.
  Time since last request: 0.000044 seconds.
  path: Assets/FourEvilDragonsHP/Animations/DragonNightMare/run.fbx
  artifactKey: Guid(e225de8969f5f7348aa6e6a2c92c7859) Importer(815301076,1909f56bfc062723c751e8b465ee728b)
Start importing Assets/FourEvilDragonsHP/Animations/DragonNightMare/run.fbx using Guid(e225de8969f5f7348aa6e6a2c92c7859) Importer(815301076,1909f56bfc062723c751e8b465ee728b)  -> (artifact id: '7b9c69738e9d727e2c17f42bece4d606') in 0.110587 seconds
Number of updated asset objects reloaded before import = 0
Number of asset objects unloaded after import = 155
========================================================================
Received Import Request.
  Time since last request: 0.000061 seconds.
  path: Assets/FourEvilDragonsHP/Animations/DragonTerrorBringer/AttackWingClaw.fbx
  artifactKey: Guid(dbbf408e4d195cf41bc2f3c7589b1c89) Importer(815301076,1909f56bfc062723c751e8b465ee728b)
Start importing Assets/FourEvilDragonsHP/Animations/DragonTerrorBringer/AttackWingClaw.fbx using Guid(dbbf408e4d195cf41bc2f3c7589b1c89) Importer(815301076,1909f56bfc062723c751e8b465ee728b)  -> (artifact id: '73245a55633db5837ce58e3675e1fa6d') in 0.140774 seconds
Number of updated asset objects reloaded before import = 0
Number of asset objects unloaded after import = 177
========================================================================
Received Import Request.
  Time since last request: 0.000073 seconds.
  path: Assets/FourEvilDragonsHP/Animations/DragonNightMare/walkRight.fbx
  artifactKey: Guid(0d450e707f0b2d646b814fe61b117d4b) Importer(815301076,1909f56bfc062723c751e8b465ee728b)
Start importing Assets/FourEvilDragonsHP/Animations/DragonNightMare/walkRight.fbx using Guid(0d450e707f0b2d646b814fe61b117d4b) Importer(815301076,1909f56bfc062723c751e8b465ee728b)  -> (artifact id: 'd2d02588a428200a5479a92e775e8813') in 0.120104 seconds
Number of updated asset objects reloaded before import = 0
Number of asset objects unloaded after import = 155
========================================================================
Received Import Request.
  Time since last request: 0.000048 seconds.
  path: Assets/FourEvilDragonsHP/Animations/DragonNightMare/Jump.fbx
  artifactKey: Guid(11710095629f7e044ad54abf1af7fc13) Importer(815301076,1909f56bfc062723c751e8b465ee728b)
Start importing Assets/FourEvilDragonsHP/Animations/DragonNightMare/Jump.fbx using Guid(11710095629f7e044ad54abf1af7fc13) Importer(815301076,1909f56bfc062723c751e8b465ee728b)  -> (artifact id: '5835e43f0a8a95fe409befe7147841f6') in 0.096635 seconds
Number of updated asset objects reloaded before import = 0
Number of asset objects unloaded after import = 155
========================================================================
Received Import Request.
  Time since last request: 0.000055 seconds.
  path: Assets/FourEvilDragonsHP/Animations/DragonUsurper/Defend.fbx
  artifactKey: Guid(0cbecf51da098bb49a79d74e183a1695) Importer(815301076,1909f56bfc062723c751e8b465ee728b)
Start importing Assets/FourEvilDragonsHP/Animations/DragonUsurper/Defend.fbx using Guid(0cbecf51da098bb49a79d74e183a1695) Importer(815301076,1909f56bfc062723c751e8b465ee728b)  -> (artifact id: 'd73f06f72bee55af4904788edc53b533') in 0.181838 seconds
Number of updated asset objects reloaded before import = 0
Number of asset objects unloaded after import = 249
========================================================================
Received Import Request.
  Time since last request: 0.000085 seconds.
  path: Assets/BrokenVector/LowPolyBrickHouses/Prefabs/Chair.prefab
  artifactKey: Guid(24a5f7c212479624ba65a0ad94f34342) Importer(815301076,1909f56bfc062723c751e8b465ee728b)
Start importing Assets/BrokenVector/LowPolyBrickHouses/Prefabs/Chair.prefab using Guid(24a5f7c212479624ba65a0ad94f34342) Importer(815301076,1909f56bfc062723c751e8b465ee728b)  -> (artifact id: 'd5a9f444b3330cc359a238c0ba18146b') in 0.085652 seconds
Number of updated asset objects reloaded before import = 0
Number of asset objects unloaded after import = 10
========================================================================
Received Import Request.
  Time since last request: 0.000048 seconds.
  path: Assets/Piloto Studio/Campfire And Torches Pack/Prefabs/SM_props_candle_01.prefab
  artifactKey: Guid(8bd8d6e75647b574bb81b82c3d1177f0) Importer(815301076,1909f56bfc062723c751e8b465ee728b)
Start importing Assets/Piloto Studio/Campfire And Torches Pack/Prefabs/SM_props_candle_01.prefab using Guid(8bd8d6e75647b574bb81b82c3d1177f0) Importer(815301076,1909f56bfc062723c751e8b465ee728b)  -> (artifact id: '0c1a8885d69b83a7ed4b1357c7fc1aae') in 0.085867 seconds
Number of updated asset objects reloaded before import = 0
Number of asset objects unloaded after import = 8
========================================================================
Received Import Request.
  Time since last request: 0.000042 seconds.
  path: Assets/FourEvilDragonsHP/Animations/DragonTerrorBringer/GetHit.fbx
  artifactKey: Guid(01f3cd440df370b4796840c93effc251) Importer(815301076,1909f56bfc062723c751e8b465ee728b)
Start importing Assets/FourEvilDragonsHP/Animations/DragonTerrorBringer/GetHit.fbx using Guid(01f3cd440df370b4796840c93effc251) Importer(815301076,1909f56bfc062723c751e8b465ee728b)  -> (artifact id: '976d3856815471f402dc50a8e4c005d5') in 0.121783 seconds
Number of updated asset objects reloaded before import = 0
Number of asset objects unloaded after import = 177
========================================================================
Received Import Request.
  Time since last request: 0.000060 seconds.
  path: Assets/Piloto Studio/Campfire And Torches Pack/Models/SM_irontorch_003.fbx
  artifactKey: Guid(4ace2cb9344d8ac4d92e9e0a3e189e68) Importer(815301076,1909f56bfc062723c751e8b465ee728b)
Start importing Assets/Piloto Studio/Campfire And Torches Pack/Models/SM_irontorch_003.fbx using Guid(4ace2cb9344d8ac4d92e9e0a3e189e68) Importer(815301076,1909f56bfc062723c751e8b465ee728b)  -> (artifact id: 'eebf8b25a45b58ba37b5000e19e4e74b') in 0.100089 seconds
Number of updated asset objects reloaded before import = 0
Number of asset objects unloaded after import = 7
========================================================================
Received Import Request.
  Time since last request: 0.000080 seconds.
  path: Assets/BrokenVector/LowPolyBrickHouses/Prefabs/FenceEnd.prefab
  artifactKey: Guid(4b9dc5e7010a14f4aab81de3a20f07b0) Importer(815301076,1909f56bfc062723c751e8b465ee728b)
Start importing Assets/BrokenVector/LowPolyBrickHouses/Prefabs/FenceEnd.prefab using Guid(4b9dc5e7010a14f4aab81de3a20f07b0) Importer(815301076,1909f56bfc062723c751e8b465ee728b)  -> (artifact id: '71ac481154e59514fb5a3479a2188429') in 0.047255 seconds
Number of updated asset objects reloaded before import = 0
Number of asset objects unloaded after import = 10
========================================================================
Received Import Request.
  Time since last request: 0.000157 seconds.
  path: Assets/FourEvilDragonsHP/Prefab/DragonSoulEater/Green.prefab
  artifactKey: Guid(88e480c990c9d6a458b5fc85fe1da2aa) Importer(815301076,1909f56bfc062723c751e8b465ee728b)
Start importing Assets/FourEvilDragonsHP/Prefab/DragonSoulEater/Green.prefab using Guid(88e480c990c9d6a458b5fc85fe1da2aa) Importer(815301076,1909f56bfc062723c751e8b465ee728b)  -> (artifact id: 'd4e41f280ab34441ab0c2f989190fb37') in 0.181888 seconds
Number of updated asset objects reloaded before import = 0
Number of asset objects unloaded after import = 187
========================================================================
Received Import Request.
  Time since last request: 0.000062 seconds.
  path: Assets/FourEvilDragonsHP/Animations/DragonTerrorBringer/TakeOff.fbx
  artifactKey: Guid(2881cf760574bd24280f47207b567e43) Importer(815301076,1909f56bfc062723c751e8b465ee728b)
Start importing Assets/FourEvilDragonsHP/Animations/DragonTerrorBringer/TakeOff.fbx using Guid(2881cf760574bd24280f47207b567e43) Importer(815301076,1909f56bfc062723c751e8b465ee728b)  -> (artifact id: 'cff58336e674c875c6e4f58bd73f7ec3') in 0.091202 seconds
Number of updated asset objects reloaded before import = 0
Number of asset objects unloaded after import = 177
========================================================================
Received Import Request.
  Time since last request: 0.000117 seconds.
  path: Assets/BrokenVector/LowPolyBrickHouses/Prefabs/House_7.prefab
  artifactKey: Guid(14db1ccf5b7890b499bfd6c79b3bf46f) Importer(815301076,1909f56bfc062723c751e8b465ee728b)
Start importing Assets/BrokenVector/LowPolyBrickHouses/Prefabs/House_7.prefab using Guid(14db1ccf5b7890b499bfd6c79b3bf46f) Importer(815301076,1909f56bfc062723c751e8b465ee728b)  -> (artifact id: 'f10363f11949d878beebfa65d3cac2ad') in 0.073857 seconds
Number of updated asset objects reloaded before import = 0
Number of asset objects unloaded after import = 37
========================================================================
Received Import Request.
  Time since last request: 0.000035 seconds.
  path: Assets/BrokenVector/LowPolyBrickHouses/Prefabs/Fence.prefab
  artifactKey: Guid(694a9c3445f3cb0448c24a04ce64d96d) Importer(815301076,1909f56bfc062723c751e8b465ee728b)
Start importing Assets/BrokenVector/LowPolyBrickHouses/Prefabs/Fence.prefab using Guid(694a9c3445f3cb0448c24a04ce64d96d) Importer(815301076,1909f56bfc062723c751e8b465ee728b)  -> (artifact id: '15bddad3cfc275a72e0e0ebff9425e55') in 0.069480 seconds
Number of updated asset objects reloaded before import = 0
Number of asset objects unloaded after import = 10
========================================================================
Received Import Request.
  Time since last request: 0.000102 seconds.
  path: Assets/Piloto Studio/Campfire And Torches Pack/Models/SM_campfire_004.fbx
  artifactKey: Guid(4dc327039016fdf4bb6ee7a16c177a99) Importer(815301076,1909f56bfc062723c751e8b465ee728b)
Start importing Assets/Piloto Studio/Campfire And Torches Pack/Models/SM_campfire_004.fbx using Guid(4dc327039016fdf4bb6ee7a16c177a99) Importer(815301076,1909f56bfc062723c751e8b465ee728b)  -> (artifact id: 'f404e4e45ef968dabdb0d1053ff60364') in 0.094334 seconds
Number of updated asset objects reloaded before import = 0
Number of asset objects unloaded after import = 7
========================================================================
Received Import Request.
  Time since last request: 0.000071 seconds.
  path: Assets/BrokenVector/LowPolyBrickHouses/Prefabs/House_2.prefab
  artifactKey: Guid(544cd25ee8b26f549b827a231b2faf0c) Importer(815301076,1909f56bfc062723c751e8b465ee728b)
Start importing Assets/BrokenVector/LowPolyBrickHouses/Prefabs/House_2.prefab using Guid(544cd25ee8b26f549b827a231b2faf0c) Importer(815301076,1909f56bfc062723c751e8b465ee728b)  -> (artifact id: '89e935b87c863f3583dba0037d2a0ddc') in 0.092128 seconds
Number of updated asset objects reloaded before import = 0
Number of asset objects unloaded after import = 43
========================================================================
Received Import Request.
  Time since last request: 0.000098 seconds.
  path: Assets/FourEvilDragonsHP/Animations/DragonUsurper/FlyForward.fbx
  artifactKey: Guid(3ab266bf94f3a1a4bb030eb1b90b8600) Importer(815301076,1909f56bfc062723c751e8b465ee728b)
Start importing Assets/FourEvilDragonsHP/Animations/DragonUsurper/FlyForward.fbx using Guid(3ab266bf94f3a1a4bb030eb1b90b8600) Importer(815301076,1909f56bfc062723c751e8b465ee728b)  -> (artifact id: '18ce2f7b6cf2003267403659fe58a661') in 0.141690 seconds
Number of updated asset objects reloaded before import = 0
Number of asset objects unloaded after import = 249
========================================================================
Received Import Request.
  Time since last request: 0.000056 seconds.
  path: Assets/FourEvilDragonsHP/Animations/DragonSoulEater/Land.fbx
  artifactKey: Guid(9b846aa063f67a34b80cef9a15befe38) Importer(815301076,1909f56bfc062723c751e8b465ee728b)
Start importing Assets/FourEvilDragonsHP/Animations/DragonSoulEater/Land.fbx using Guid(9b846aa063f67a34b80cef9a15befe38) Importer(815301076,1909f56bfc062723c751e8b465ee728b)  -> (artifact id: '923a3d1c34fa897d8deea4592ab301e6') in 0.140695 seconds
Number of updated asset objects reloaded before import = 0
Number of asset objects unloaded after import = 133
========================================================================
Received Import Request.
  Time since last request: 0.000069 seconds.
  path: Assets/FourEvilDragonsHP/Animations/DragonTerrorBringer/walk.fbx
  artifactKey: Guid(ac9b8cd5f91eeef44a25fce0f31885c1) Importer(815301076,1909f56bfc062723c751e8b465ee728b)
Start importing Assets/FourEvilDragonsHP/Animations/DragonTerrorBringer/walk.fbx using Guid(ac9b8cd5f91eeef44a25fce0f31885c1) Importer(815301076,1909f56bfc062723c751e8b465ee728b)  -> (artifact id: '05273d1e5d96f0388b11586176967662') in 0.135116 seconds
Number of updated asset objects reloaded before import = 0
Number of asset objects unloaded after import = 177
========================================================================
Received Import Request.
  Time since last request: 0.000133 seconds.
  path: Assets/FourEvilDragonsHP/Animations/DragonUsurper/Land.fbx
  artifactKey: Guid(16d67d90d0f2e3f4995c3c82004acb92) Importer(815301076,1909f56bfc062723c751e8b465ee728b)
Start importing Assets/FourEvilDragonsHP/Animations/DragonUsurper/Land.fbx using Guid(16d67d90d0f2e3f4995c3c82004acb92) Importer(815301076,1909f56bfc062723c751e8b465ee728b)  -> (artifact id: 'c90db64c80dc5fbbb655bffa78e421a3') in 0.134003 seconds
Number of updated asset objects reloaded before import = 0
Number of asset objects unloaded after import = 249
========================================================================
Received Import Request.
  Time since last request: 0.000051 seconds.
  path: Assets/FourEvilDragonsHP/Animations/DragonTerrorBringer/Run.fbx
  artifactKey: Guid(9700edab3a23d7d408e78a7cb99cf41d) Importer(815301076,1909f56bfc062723c751e8b465ee728b)
Start importing Assets/FourEvilDragonsHP/Animations/DragonTerrorBringer/Run.fbx using Guid(9700edab3a23d7d408e78a7cb99cf41d) Importer(815301076,1909f56bfc062723c751e8b465ee728b)  -> (artifact id: '990c2ba33c7186408c5be99adf6c063f') in 0.198526 seconds
Number of updated asset objects reloaded before import = 0
Number of asset objects unloaded after import = 178
========================================================================
Received Import Request.
  Time since last request: 0.000069 seconds.
  path: Assets/BrokenVector/LowPolyBrickHouses/Prefabs/Lighthouse.prefab
  artifactKey: Guid(d362e56f7a8edcf449cea294c0e6acff) Importer(815301076,1909f56bfc062723c751e8b465ee728b)
Start importing Assets/BrokenVector/LowPolyBrickHouses/Prefabs/Lighthouse.prefab using Guid(d362e56f7a8edcf449cea294c0e6acff) Importer(815301076,1909f56bfc062723c751e8b465ee728b)  -> (artifact id: 'db0893780e1ce2f2e838cdc1f46b2c0f') in 0.067082 seconds
Number of updated asset objects reloaded before import = 0
Number of asset objects unloaded after import = 11
========================================================================
Received Import Request.
  Time since last request: 0.000069 seconds.
  path: Assets/BrokenVector/LowPolyBrickHouses/Prefabs/House_3.prefab
  artifactKey: Guid(6c8d046662436564eb5afcf4e9caaf9b) Importer(815301076,1909f56bfc062723c751e8b465ee728b)
Start importing Assets/BrokenVector/LowPolyBrickHouses/Prefabs/House_3.prefab using Guid(6c8d046662436564eb5afcf4e9caaf9b) Importer(815301076,1909f56bfc062723c751e8b465ee728b)  -> (artifact id: '597fc7a9b28534b12e19b4958a2028e2') in 0.076155 seconds
Number of updated asset objects reloaded before import = 0
Number of asset objects unloaded after import = 49
========================================================================
Received Import Request.
  Time since last request: 0.000051 seconds.
  path: Assets/BrokenVector/LowPolyBrickHouses/Prefabs/House_4.prefab
  artifactKey: Guid(318f42008434d4f49aa6d43ae0a5c686) Importer(815301076,1909f56bfc062723c751e8b465ee728b)
Start importing Assets/BrokenVector/LowPolyBrickHouses/Prefabs/House_4.prefab using Guid(318f42008434d4f49aa6d43ae0a5c686) Importer(815301076,1909f56bfc062723c751e8b465ee728b)  -> (artifact id: 'a13f8d33be594fe078aeee18854bedd3') in 0.052127 seconds
Number of updated asset objects reloaded before import = 0
Number of asset objects unloaded after import = 43
========================================================================
Received Import Request.
  Time since last request: 0.000041 seconds.
  path: Assets/FourEvilDragonsHP/Prefab/DragonUsurper/Green.prefab
  artifactKey: Guid(aeb4794909bc89d43b72ad784903e0f5) Importer(815301076,1909f56bfc062723c751e8b465ee728b)
Start importing Assets/FourEvilDragonsHP/Prefab/DragonUsurper/Green.prefab using Guid(aeb4794909bc89d43b72ad784903e0f5) Importer(815301076,1909f56bfc062723c751e8b465ee728b)  -> (artifact id: '5f5fd01f2c3e300c4412601a32bb1cc4') in 0.131573 seconds
Number of updated asset objects reloaded before import = 0
Number of asset objects unloaded after import = 306
========================================================================
Received Import Request.
  Time since last request: 0.000211 seconds.
  path: Assets/FourEvilDragonsHP/Animations/DragonTerrorBringer/die.fbx
  artifactKey: Guid(49d0a594e1ca9d54ca3e17fb24d28f5c) Importer(815301076,1909f56bfc062723c751e8b465ee728b)
Start importing Assets/FourEvilDragonsHP/Animations/DragonTerrorBringer/die.fbx using Guid(49d0a594e1ca9d54ca3e17fb24d28f5c) Importer(815301076,1909f56bfc062723c751e8b465ee728b)  -> (artifact id: '9b992837e6ea6c3499101b6e391b2de1') in 0.121173 seconds
Number of updated asset objects reloaded before import = 0
Number of asset objects unloaded after import = 177
========================================================================
Received Import Request.
  Time since last request: 0.000071 seconds.
  path: Assets/BrokenVector/LowPolyBrickHouses/Prefabs/RiverWall.prefab
  artifactKey: Guid(a7eb417a6c9b1d94aa4238bd72633934) Importer(815301076,1909f56bfc062723c751e8b465ee728b)
Start importing Assets/BrokenVector/LowPolyBrickHouses/Prefabs/RiverWall.prefab using Guid(a7eb417a6c9b1d94aa4238bd72633934) Importer(815301076,1909f56bfc062723c751e8b465ee728b)  -> (artifact id: '46c132047352943c40984c6b54ac5ae7') in 2.170973 seconds
Number of updated asset objects reloaded before import = 0
Number of asset objects unloaded after import = 13
========================================================================
Received Import Request.
  Time since last request: 0.000058 seconds.
  path: Assets/BrokenVector/LowPolyBrickHouses/Models/Ship.dae
  artifactKey: Guid(bf0eb6c971b2c0448bb9fc7061fc0637) Importer(815301076,1909f56bfc062723c751e8b465ee728b)
Start importing Assets/BrokenVector/LowPolyBrickHouses/Models/Ship.dae using Guid(bf0eb6c971b2c0448bb9fc7061fc0637) Importer(815301076,1909f56bfc062723c751e8b465ee728b)  -> (artifact id: 'a287a8d4f173f2f9683f22a7d2231ef3') in 0.114726 seconds
Number of updated asset objects reloaded before import = 0
Number of asset objects unloaded after import = 8
========================================================================
Received Import Request.
  Time since last request: 0.000193 seconds.
  path: Assets/FourEvilDragonsHP/Prefab/DragonTerrorBringer/Blue.prefab
  artifactKey: Guid(20a769104331d8b48ac7d1ea0d49cdf3) Importer(815301076,1909f56bfc062723c751e8b465ee728b)
Start importing Assets/FourEvilDragonsHP/Prefab/DragonTerrorBringer/Blue.prefab using Guid(20a769104331d8b48ac7d1ea0d49cdf3) Importer(815301076,1909f56bfc062723c751e8b465ee728b)  -> (artifact id: 'd284d0f885c55827fe246168a6fab358') in 0.164746 seconds
Number of updated asset objects reloaded before import = 0
Number of asset objects unloaded after import = 234
========================================================================
Received Import Request.
  Time since last request: 0.000054 seconds.
  path: Assets/BrokenVector/LowPolyBrickHouses/Models/House-1-1.dae
  artifactKey: Guid(210b25fa5e334f74f87c05db00ca2e49) Importer(815301076,1909f56bfc062723c751e8b465ee728b)
Start importing Assets/BrokenVector/LowPolyBrickHouses/Models/House-1-1.dae using Guid(210b25fa5e334f74f87c05db00ca2e49) Importer(815301076,1909f56bfc062723c751e8b465ee728b)  -> (artifact id: '72f380298f1b7c907e793445c767bd73') in 0.371377 seconds
Number of updated asset objects reloaded before import = 0
Number of asset objects unloaded after import = 52
========================================================================
Received Import Request.
  Time since last request: 0.000054 seconds.
  path: Assets/Piloto Studio/Campfire And Torches Pack/Prefabs/SM_torch_003.prefab
  artifactKey: Guid(7d459ee27cd339d4eab71e20cb0b4d59) Importer(815301076,1909f56bfc062723c751e8b465ee728b)
Start importing Assets/Piloto Studio/Campfire And Torches Pack/Prefabs/SM_torch_003.prefab using Guid(7d459ee27cd339d4eab71e20cb0b4d59) Importer(815301076,1909f56bfc062723c751e8b465ee728b)  -> (artifact id: '86e0177fdfba0942bf3a2312cd0a474b') in 0.067800 seconds
Number of updated asset objects reloaded before import = 0
Number of asset objects unloaded after import = 8
========================================================================
Received Import Request.
  Time since last request: 0.000060 seconds.
  path: Assets/Piloto Studio/Campfire And Torches Pack/Models/SM_props_candle_02.fbx
  artifactKey: Guid(ee98a745cb5a3da4eaf1d8a68da39dcd) Importer(815301076,1909f56bfc062723c751e8b465ee728b)
Start importing Assets/Piloto Studio/Campfire And Torches Pack/Models/SM_props_candle_02.fbx using Guid(ee98a745cb5a3da4eaf1d8a68da39dcd) Importer(815301076,1909f56bfc062723c751e8b465ee728b)  -> (artifact id: '4e4d50fce8e94303cfe542c43afb2bfe') in 0.068885 seconds
Number of updated asset objects reloaded before import = 0
Number of asset objects unloaded after import = 7
========================================================================
Received Import Request.
  Time since last request: 0.000125 seconds.
  path: Assets/BrokenVector/LowPolyBrickHouses/Models/House-2-2.dae
  artifactKey: Guid(1aa74ef2ba7ca4f40aa62f4c29abefe6) Importer(815301076,1909f56bfc062723c751e8b465ee728b)
Start importing Assets/BrokenVector/LowPolyBrickHouses/Models/House-2-2.dae using Guid(1aa74ef2ba7ca4f40aa62f4c29abefe6) Importer(815301076,1909f56bfc062723c751e8b465ee728b)  -> (artifact id: 'b86e209d50e285c39fdd6be040227ccf') in 0.352864 seconds
Number of updated asset objects reloaded before import = 0
Number of asset objects unloaded after import = 34
========================================================================
Received Import Request.
  Time since last request: 0.000086 seconds.
  path: Assets/FourEvilDragonsHP/Animations/DragonUsurper/FlyIdle.fbx
  artifactKey: Guid(7508a417409ed134ea8cac8e87247637) Importer(815301076,1909f56bfc062723c751e8b465ee728b)
Start importing Assets/FourEvilDragonsHP/Animations/DragonUsurper/FlyIdle.fbx using Guid(7508a417409ed134ea8cac8e87247637) Importer(815301076,1909f56bfc062723c751e8b465ee728b)  -> (artifact id: '3a7950eba58c76ae6ceecc4e1d84b711') in 0.128422 seconds
Number of updated asset objects reloaded before import = 0
Number of asset objects unloaded after import = 249
========================================================================
Received Import Request.
  Time since last request: 0.000062 seconds.
  path: Assets/FourEvilDragonsHP/Animations/DragonNightMare/Sleep.fbx
  artifactKey: Guid(5cfe5b96be26d60478f7a5749d947a62) Importer(815301076,1909f56bfc062723c751e8b465ee728b)
Start importing Assets/FourEvilDragonsHP/Animations/DragonNightMare/Sleep.fbx using Guid(5cfe5b96be26d60478f7a5749d947a62) Importer(815301076,1909f56bfc062723c751e8b465ee728b)  -> (artifact id: '347f6cf79016697ab3c400b7aadc4462') in 0.148507 seconds
Number of updated asset objects reloaded before import = 0
Number of asset objects unloaded after import = 155
========================================================================
Received Import Request.
  Time since last request: 0.000051 seconds.
  path: Assets/FourEvilDragonsHP/Animations/DragonSoulEater/Fly Float.fbx
  artifactKey: Guid(e02bdaca3b0c3284ab993c4eba862036) Importer(815301076,1909f56bfc062723c751e8b465ee728b)
Start importing Assets/FourEvilDragonsHP/Animations/DragonSoulEater/Fly Float.fbx using Guid(e02bdaca3b0c3284ab993c4eba862036) Importer(815301076,1909f56bfc062723c751e8b465ee728b)  -> (artifact id: '91e5121c68bfb8d239925723eb517d0e') in 0.142698 seconds
Number of updated asset objects reloaded before import = 0
Number of asset objects unloaded after import = 133
========================================================================
Received Import Request.
  Time since last request: 0.000076 seconds.
  path: Assets/BrokenVector/LowPolyBrickHouses/Models/Church.dae
  artifactKey: Guid(4c8429c8065b5b24cb9f304c87141511) Importer(815301076,1909f56bfc062723c751e8b465ee728b)
Start importing Assets/BrokenVector/LowPolyBrickHouses/Models/Church.dae using Guid(4c8429c8065b5b24cb9f304c87141511) Importer(815301076,1909f56bfc062723c751e8b465ee728b)  -> (artifact id: 'c5b961debeea85d3d0f639278a650e15') in 0.083472 seconds
Number of updated asset objects reloaded before import = 0
Number of asset objects unloaded after import = 8
========================================================================
Received Import Request.
  Time since last request: 0.000085 seconds.
  path: Assets/FourEvilDragonsHP/Animations/DragonTerrorBringer/sleep.fbx
  artifactKey: Guid(d1f47f7ac86a75840bfb342ed7ca65d0) Importer(815301076,1909f56bfc062723c751e8b465ee728b)
Start importing Assets/FourEvilDragonsHP/Animations/DragonTerrorBringer/sleep.fbx using Guid(d1f47f7ac86a75840bfb342ed7ca65d0) Importer(815301076,1909f56bfc062723c751e8b465ee728b)  -> (artifact id: 'cb70a62e6734462355ed58a9ca314c49') in 0.123728 seconds
Number of updated asset objects reloaded before import = 0
Number of asset objects unloaded after import = 177
========================================================================
Received Import Request.
  Time since last request: 0.000053 seconds.
  path: Assets/FourEvilDragonsHP/Animations/DragonUsurper/Scream.fbx
  artifactKey: Guid(497f35860988216419561f5b7835a430) Importer(815301076,1909f56bfc062723c751e8b465ee728b)
Start importing Assets/FourEvilDragonsHP/Animations/DragonUsurper/Scream.fbx using Guid(497f35860988216419561f5b7835a430) Importer(815301076,1909f56bfc062723c751e8b465ee728b)  -> (artifact id: '8e01aeaaa2358bffdec38242962b1099') in 0.130460 seconds
Number of updated asset objects reloaded before import = 0
Number of asset objects unloaded after import = 249
========================================================================
Received Import Request.
  Time since last request: 0.000065 seconds.
  path: Assets/BrokenVector/LowPolyBrickHouses/Models/Table.dae
  artifactKey: Guid(4db74a5e9a11a27428b94f3a6a9dd34c) Importer(815301076,1909f56bfc062723c751e8b465ee728b)
Start importing Assets/BrokenVector/LowPolyBrickHouses/Models/Table.dae using Guid(4db74a5e9a11a27428b94f3a6a9dd34c) Importer(815301076,1909f56bfc062723c751e8b465ee728b)  -> (artifact id: '37aec78738c7e94eca12c5977379275e') in 0.075552 seconds
Number of updated asset objects reloaded before import = 0
Number of asset objects unloaded after import = 8
========================================================================
Received Import Request.
  Time since last request: 0.000090 seconds.
  path: Assets/Baker House/Prefabs/Baker_house.prefab
  artifactKey: Guid(1bbb91c8d96cb2446a07151ce95d1f0f) Importer(815301076,1909f56bfc062723c751e8b465ee728b)
Start importing Assets/Baker House/Prefabs/Baker_house.prefab using Guid(1bbb91c8d96cb2446a07151ce95d1f0f) Importer(815301076,1909f56bfc062723c751e8b465ee728b)  -> (artifact id: '1f83787156e544b19d04b099a03cd896') in 0.083203 seconds
Number of updated asset objects reloaded before import = 0
Number of asset objects unloaded after import = 11
========================================================================
Received Import Request.
  Time since last request: 0.000048 seconds.
  path: Assets/Piloto Studio/Campfire And Torches Pack/Prefabs/SM_irontorch_002_AmbienceFX.prefab
  artifactKey: Guid(2071281887c6f514388923e0ee4bae72) Importer(815301076,1909f56bfc062723c751e8b465ee728b)
Start importing Assets/Piloto Studio/Campfire And Torches Pack/Prefabs/SM_irontorch_002_AmbienceFX.prefab using Guid(2071281887c6f514388923e0ee4bae72) Importer(815301076,1909f56bfc062723c751e8b465ee728b)  -> (artifact id: '57318b63ce29eed49d07a6c3381b5c74') in 0.080064 seconds
Number of updated asset objects reloaded before import = 0
Number of asset objects unloaded after import = 38
========================================================================
Received Import Request.
  Time since last request: 0.000043 seconds.
  path: Assets/FourEvilDragonsHP/Animations/DragonSoulEater/Scream.fbx
  artifactKey: Guid(8b0b248c4105fd841aad612f61769ae9) Importer(815301076,1909f56bfc062723c751e8b465ee728b)
Start importing Assets/FourEvilDragonsHP/Animations/DragonSoulEater/Scream.fbx using Guid(8b0b248c4105fd841aad612f61769ae9) Importer(815301076,1909f56bfc062723c751e8b465ee728b)  -> (artifact id: '7d26825181e0637dc5f53b4f3a78e5e4') in 0.081855 seconds
Number of updated asset objects reloaded before import = 0
Number of asset objects unloaded after import = 133
========================================================================
Received Import Request.
  Time since last request: 0.000034 seconds.
  path: Assets/FourEvilDragonsHP/Animations/DragonSoulEater/Run.fbx
  artifactKey: Guid(93048e03d4dc597468fce555d02e9274) Importer(815301076,1909f56bfc062723c751e8b465ee728b)
Start importing Assets/FourEvilDragonsHP/Animations/DragonSoulEater/Run.fbx using Guid(93048e03d4dc597468fce555d02e9274) Importer(815301076,1909f56bfc062723c751e8b465ee728b)  -> (artifact id: '014e15b82c67753dd324a2da3f9dc98e') in 0.074850 seconds
Number of updated asset objects reloaded before import = 0
Number of asset objects unloaded after import = 133
========================================================================
Received Import Request.
  Time since last request: 0.000041 seconds.
  path: Assets/BrokenVector/LowPolyBrickHouses/Models/House-1-3.dae
  artifactKey: Guid(d67f77292d7829d4a848cefa1f0f4b3e) Importer(815301076,1909f56bfc062723c751e8b465ee728b)
Start importing Assets/BrokenVector/LowPolyBrickHouses/Models/House-1-3.dae using Guid(d67f77292d7829d4a848cefa1f0f4b3e) Importer(815301076,1909f56bfc062723c751e8b465ee728b)  -> (artifact id: 'c6a6bc2092cc8de0e7801624a22472e2') in 0.254144 seconds
Number of updated asset objects reloaded before import = 0
Number of asset objects unloaded after import = 46
========================================================================
Received Import Request.
  Time since last request: 0.000037 seconds.
  path: Assets/BrokenVector/LowPolyBrickHouses/Models/Foliage3.dae
  artifactKey: Guid(63b79f7844d94264e82f52f33f831c0f) Importer(815301076,1909f56bfc062723c751e8b465ee728b)
Start importing Assets/BrokenVector/LowPolyBrickHouses/Models/Foliage3.dae using Guid(63b79f7844d94264e82f52f33f831c0f) Importer(815301076,1909f56bfc062723c751e8b465ee728b)  -> (artifact id: '37b9388ac7a796dc57407ee361c32a9b') in 0.080764 seconds
Number of updated asset objects reloaded before import = 0
Number of asset objects unloaded after import = 8
========================================================================
Received Import Request.
  Time since last request: 0.000131 seconds.
  path: Assets/FourEvilDragonsHP/Mesh/DragonTerrorBringerMesh.fbx
  artifactKey: Guid(3fa06637f7751b44b8e63a9964b181a6) Importer(815301076,1909f56bfc062723c751e8b465ee728b)
Start importing Assets/FourEvilDragonsHP/Mesh/DragonTerrorBringerMesh.fbx using Guid(3fa06637f7751b44b8e63a9964b181a6) Importer(815301076,1909f56bfc062723c751e8b465ee728b)  -> (artifact id: '2604af5b642ae47374c8cc9159032431') in 0.097061 seconds
Number of updated asset objects reloaded before import = 0
Number of asset objects unloaded after import = 176
========================================================================
Received Import Request.
  Time since last request: 369.648978 seconds.
  path: Assets/Tree.prefab
  artifactKey: Guid(3b3f4187cd310bc4e98867807a0e0ec2) Importer(815301076,1909f56bfc062723c751e8b465ee728b)
Start importing Assets/Tree.prefab using Guid(3b3f4187cd310bc4e98867807a0e0ec2) Importer(815301076,1909f56bfc062723c751e8b465ee728b)  -> (artifact id: '1ed391bb5f836f861ec2d9c49172f04d') in 1.186696 seconds
Number of updated asset objects reloaded before import = 0
Number of asset objects unloaded after import = 11
========================================================================
Received Import Request.
  Time since last request: 236.357479 seconds.
  path: Assets/Foliage_1.prefab
  artifactKey: Guid(4ccc48845d46f794ebaad590e31eeefb) Importer(815301076,1909f56bfc062723c751e8b465ee728b)
Start importing Assets/Foliage_1.prefab using Guid(4ccc48845d46f794ebaad590e31eeefb) Importer(815301076,1909f56bfc062723c751e8b465ee728b)  -> (artifact id: 'bdbe8f5eee0f28597c6399428f010003') in 0.047154 seconds
Number of updated asset objects reloaded before import = 0
Number of asset objects unloaded after import = 11
========================================================================
Received Import Request.
  Time since last request: 0.000023 seconds.
  path: Assets/House_3.prefab
  artifactKey: Guid(2df9e9db666a458429b3acaebf1d495e) Importer(815301076,1909f56bfc062723c751e8b465ee728b)
Start importing Assets/House_3.prefab using Guid(2df9e9db666a458429b3acaebf1d495e) Importer(815301076,1909f56bfc062723c751e8b465ee728b)  -> (artifact id: '7b594ae4a262bf744b3358f388a5e9ee') in 0.020061 seconds
Number of updated asset objects reloaded before import = 0
Number of asset objects unloaded after import = 49
========================================================================
Received Import Request.
  Time since last request: 0.000167 seconds.
  path: Assets/House_7.prefab
  artifactKey: Guid(d656f26b730bd8e4987ffe99d743410b) Importer(815301076,1909f56bfc062723c751e8b465ee728b)
Start importing Assets/House_7.prefab using Guid(d656f26b730bd8e4987ffe99d743410b) Importer(815301076,1909f56bfc062723c751e8b465ee728b)  -> (artifact id: 'dac5061cb9787713f6cce315e293b728') in 0.080015 seconds
Number of updated asset objects reloaded before import = 0
Number of asset objects unloaded after import = 37
========================================================================
Received Import Request.
  Time since last request: 0.000062 seconds.
  path: Assets/House_2.prefab
  artifactKey: Guid(ed04bd493f77776449a4737061bde1c0) Importer(815301076,1909f56bfc062723c751e8b465ee728b)
Start importing Assets/House_2.prefab using Guid(ed04bd493f77776449a4737061bde1c0) Importer(815301076,1909f56bfc062723c751e8b465ee728b)  -> (artifact id: 'ed29a83203e9ef259b17c01a069d16f5') in 0.063787 seconds
Number of updated asset objects reloaded before import = 0
Number of asset objects unloaded after import = 43
========================================================================
Received Import Request.
  Time since last request: 0.000029 seconds.
  path: Assets/Parasol.prefab
  artifactKey: Guid(9d185c2ece1de684bbdb4843799d3acf) Importer(815301076,1909f56bfc062723c751e8b465ee728b)
Start importing Assets/Parasol.prefab using Guid(9d185c2ece1de684bbdb4843799d3acf) Importer(815301076,1909f56bfc062723c751e8b465ee728b)  -> (artifact id: 'f6bb2d07550c2c36dd50800d1c62e3f4') in 0.062774 seconds
Number of updated asset objects reloaded before import = 0
Number of asset objects unloaded after import = 10
========================================================================
Received Import Request.
  Time since last request: 0.000033 seconds.
  path: Assets/RiverWall.prefab
  artifactKey: Guid(7af91945181b33f4ba81d032116eebac) Importer(815301076,1909f56bfc062723c751e8b465ee728b)
Start importing Assets/RiverWall.prefab using Guid(7af91945181b33f4ba81d032116eebac) Importer(815301076,1909f56bfc062723c751e8b465ee728b)  -> (artifact id: 'efbb153d4c825fc558a491f9c5160e6c') in 0.049561 seconds
Number of updated asset objects reloaded before import = 0
Number of asset objects unloaded after import = 13
========================================================================
Received Import Request.
  Time since last request: 0.000038 seconds.
  path: Assets/Lamppost.prefab
  artifactKey: Guid(157a7c42ebfe5024fb72edcb0156ffa0) Importer(815301076,1909f56bfc062723c751e8b465ee728b)
Start importing Assets/Lamppost.prefab using Guid(157a7c42ebfe5024fb72edcb0156ffa0) Importer(815301076,1909f56bfc062723c751e8b465ee728b)  -> (artifact id: '12a13f058878a745c636fe0c56181b1b') in 0.042590 seconds
Number of updated asset objects reloaded before import = 0
Number of asset objects unloaded after import = 10
========================================================================
Received Import Request.
  Time since last request: 0.000117 seconds.
  path: Assets/ShoreRock.prefab
  artifactKey: Guid(754b232c6e3a0564cad998d4b58145f2) Importer(815301076,1909f56bfc062723c751e8b465ee728b)
Start importing Assets/ShoreRock.prefab using Guid(754b232c6e3a0564cad998d4b58145f2) Importer(815301076,1909f56bfc062723c751e8b465ee728b)  -> (artifact id: 'c3d034fba3749c1da5d887766794c993') in 0.076589 seconds
Number of updated asset objects reloaded before import = 0
Number of asset objects unloaded after import = 11
========================================================================
Received Import Request.
  Time since last request: 0.000090 seconds.
  path: Assets/House_5.prefab
  artifactKey: Guid(c893183bff7c2d94eb95b16cc0934a44) Importer(815301076,1909f56bfc062723c751e8b465ee728b)
Start importing Assets/House_5.prefab using Guid(c893183bff7c2d94eb95b16cc0934a44) Importer(815301076,1909f56bfc062723c751e8b465ee728b)  -> (artifact id: '5458c42ff60feb74e564321eb8ed0421') in 0.049216 seconds
Number of updated asset objects reloaded before import = 0
Number of asset objects unloaded after import = 37
========================================================================
Received Import Request.
  Time since last request: 0.000036 seconds.
  path: Assets/House_6.prefab
  artifactKey: Guid(a64f1f9b5679b164194175b1b75a8164) Importer(815301076,1909f56bfc062723c751e8b465ee728b)
Start importing Assets/House_6.prefab using Guid(a64f1f9b5679b164194175b1b75a8164) Importer(815301076,1909f56bfc062723c751e8b465ee728b)  -> (artifact id: '906d231d45debe2d2bfc21ce8da29de3') in 0.030851 seconds
Number of updated asset objects reloaded before import = 0
Number of asset objects unloaded after import = 25
========================================================================
Received Import Request.
  Time since last request: 0.000028 seconds.
  path: Assets/RiverWallCorner.prefab
  artifactKey: Guid(231da727e56e19a4d8c90f7f85c498cb) Importer(815301076,1909f56bfc062723c751e8b465ee728b)
Start importing Assets/RiverWallCorner.prefab using Guid(231da727e56e19a4d8c90f7f85c498cb) Importer(815301076,1909f56bfc062723c751e8b465ee728b)  -> (artifact id: '6ed4c94882a634b4405392fc82125953') in 0.027752 seconds
Number of updated asset objects reloaded before import = 0
Number of asset objects unloaded after import = 13
========================================================================
Received Import Request.
  Time since last request: 2.790305 seconds.
  path: Assets/Fence.prefab
  artifactKey: Guid(57b0e76fb3e7fb542af685b3f84c5d1b) Importer(815301076,1909f56bfc062723c751e8b465ee728b)
Start importing Assets/Fence.prefab using Guid(57b0e76fb3e7fb542af685b3f84c5d1b) Importer(815301076,1909f56bfc062723c751e8b465ee728b)  -> (artifact id: '12d0f269f9893b773f1b7e226ca64ec3') in 0.023028 seconds
Number of updated asset objects reloaded before import = 0
Number of asset objects unloaded after import = 10
========================================================================
Received Import Request.
  Time since last request: 2797.392168 seconds.
  path: Assets/Baker House/Textures/Baker_house.tif
  artifactKey: Guid(87eda9aa615f5e246ba04794b538dc0b) Importer(815301076,1909f56bfc062723c751e8b465ee728b)
Start importing Assets/Baker House/Textures/Baker_house.tif using Guid(87eda9aa615f5e246ba04794b538dc0b) Importer(815301076,1909f56bfc062723c751e8b465ee728b)  -> (artifact id: '4f45f82b9fe048461108e69f38cf4449') in 0.076668 seconds
Number of updated asset objects reloaded before import = 0
Number of asset objects unloaded after import = 2
========================================================================
Received Import Request.
  Time since last request: 0.000079 seconds.
  path: Assets/FourEvilDragonsHP/Texture/DragonSoulEater/BlueHP.png
  artifactKey: Guid(11ae2c7ef2ee4f745810a00f1cbbd469) Importer(815301076,1909f56bfc062723c751e8b465ee728b)
Start importing Assets/FourEvilDragonsHP/Texture/DragonSoulEater/BlueHP.png using Guid(11ae2c7ef2ee4f745810a00f1cbbd469) Importer(815301076,1909f56bfc062723c751e8b465ee728b)  -> (artifact id: '5c2a9a1c8b913feeb1c243b5895124a4') in 0.045860 seconds
Number of updated asset objects reloaded before import = 0
Number of asset objects unloaded after import = 2
========================================================================
Received Import Request.
  Time since last request: 0.000056 seconds.
  path: Assets/FourEvilDragonsHP/Texture/DragonUsurper/BlueHP.png
  artifactKey: Guid(bd6a5ac65d3f73a48bdbc2102872fac0) Importer(815301076,1909f56bfc062723c751e8b465ee728b)
Start importing Assets/FourEvilDragonsHP/Texture/DragonUsurper/BlueHP.png using Guid(bd6a5ac65d3f73a48bdbc2102872fac0) Importer(815301076,1909f56bfc062723c751e8b465ee728b)  -> (artifact id: '26f4563db2c5640dc1b1e180f3273f8b') in 0.042052 seconds
Number of updated asset objects reloaded before import = 0
Number of asset objects unloaded after import = 2
========================================================================
Received Import Request.
  Time since last request: 101.487070 seconds.
  path: Assets/Tree_Textures/diffuse.png
  artifactKey: Guid(3d874fda465609c42b8ddea128db31ab) Importer(815301076,1909f56bfc062723c751e8b465ee728b)
Start importing Assets/Tree_Textures/diffuse.png using Guid(3d874fda465609c42b8ddea128db31ab) Importer(815301076,1909f56bfc062723c751e8b465ee728b)  -> (artifact id: '367a9413e7b77ecce675599de426562f') in 0.017807 seconds
Number of updated asset objects reloaded before import = 0
Number of asset objects unloaded after import = 2
========================================================================
Received Import Request.
  Time since last request: 0.432044 seconds.
  path: Assets/Piloto Studio/Textures/Flare_Cross.png
  artifactKey: Guid(edb851611bbcd0b45985df4cd3206f51) Importer(815301076,1909f56bfc062723c751e8b465ee728b)
Start importing Assets/Piloto Studio/Textures/Flare_Cross.png using Guid(edb851611bbcd0b45985df4cd3206f51) Importer(815301076,1909f56bfc062723c751e8b465ee728b)  -> (artifact id: '96f1a05cf0fdd71bdc00a502407eb782') in 0.049351 seconds
Number of updated asset objects reloaded before import = 0
Number of asset objects unloaded after import = 2
========================================================================
Received Import Request.
  Time since last request: 0.000024 seconds.
  path: Assets/Piloto Studio/Textures/Flare_FatDot.png
  artifactKey: Guid(d1d952ce60053cd4aae8bab9176e3e48) Importer(815301076,1909f56bfc062723c751e8b465ee728b)
Start importing Assets/Piloto Studio/Textures/Flare_FatDot.png using Guid(d1d952ce60053cd4aae8bab9176e3e48) Importer(815301076,1909f56bfc062723c751e8b465ee728b)  -> (artifact id: '24c2da6d0592231c42b378d8d03d4cfb') in 0.046524 seconds
Number of updated asset objects reloaded before import = 0
Number of asset objects unloaded after import = 2
========================================================================
Received Import Request.
  Time since last request: 0.180842 seconds.
  path: Assets/BrokenVector/LowPolyBrickHouses/Textures/FoliageNormal.png
  artifactKey: Guid(ea2cb009278a9fb458059c3f41748fea) Importer(815301076,1909f56bfc062723c751e8b465ee728b)
Start importing Assets/BrokenVector/LowPolyBrickHouses/Textures/FoliageNormal.png using Guid(ea2cb009278a9fb458059c3f41748fea) Importer(815301076,1909f56bfc062723c751e8b465ee728b)  -> (artifact id: 'e709c3e7b93ed0ea27d4439b5201da25') in 0.056180 seconds
Number of updated asset objects reloaded before import = 0
Number of asset objects unloaded after import = 2
========================================================================
Received Import Request.
  Time since last request: 0.090875 seconds.
  path: Assets/BrokenVector/LowPolyBrickHouses/Textures/FoliageNormal3.png
  artifactKey: Guid(ba2c29399a792194193030e32a0d3a29) Importer(815301076,1909f56bfc062723c751e8b465ee728b)
Start importing Assets/BrokenVector/LowPolyBrickHouses/Textures/FoliageNormal3.png using Guid(ba2c29399a792194193030e32a0d3a29) Importer(815301076,1909f56bfc062723c751e8b465ee728b)  -> (artifact id: '2c966ccabf72b234844578b1129d079a') in 0.036769 seconds
Number of updated asset objects reloaded before import = 0
Number of asset objects unloaded after import = 2
========================================================================
Received Import Request.
  Time since last request: 0.401581 seconds.
  path: Assets/Piloto Studio/Textures/gradient_004.png
  artifactKey: Guid(803192b3518592f4faaa4d8e1ff37dc7) Importer(815301076,1909f56bfc062723c751e8b465ee728b)
Start importing Assets/Piloto Studio/Textures/gradient_004.png using Guid(803192b3518592f4faaa4d8e1ff37dc7) Importer(815301076,1909f56bfc062723c751e8b465ee728b)  -> (artifact id: '46c4afba83477dcff662f2acd6cbfbf2') in 0.024805 seconds
Number of updated asset objects reloaded before import = 0
Number of asset objects unloaded after import = 2
========================================================================
Received Import Request.
  Time since last request: 0.384473 seconds.
  path: Assets/FourEvilDragonsHP/Texture/DragonUsurper/GreenHP.png
  artifactKey: Guid(7a1f130c4e7de554bb8a7f12d6a06ff1) Importer(815301076,1909f56bfc062723c751e8b465ee728b)
Start importing Assets/FourEvilDragonsHP/Texture/DragonUsurper/GreenHP.png using Guid(7a1f130c4e7de554bb8a7f12d6a06ff1) Importer(815301076,1909f56bfc062723c751e8b465ee728b)  -> (artifact id: '0928c41ce118a8c413bf7963b8829566') in 0.037912 seconds
Number of updated asset objects reloaded before import = 0
Number of asset objects unloaded after import = 2
========================================================================
Received Import Request.
  Time since last request: 0.002875 seconds.
  path: Assets/FourEvilDragonsHP/Texture/DragonNightmare/GreenHP.png
  artifactKey: Guid(9dba242174cb8a2479a67b286bf5a92c) Importer(815301076,1909f56bfc062723c751e8b465ee728b)
Start importing Assets/FourEvilDragonsHP/Texture/DragonNightmare/GreenHP.png using Guid(9dba242174cb8a2479a67b286bf5a92c) Importer(815301076,1909f56bfc062723c751e8b465ee728b)  -> (artifact id: '12837e8be5c93e7bc6d9f467f6f40e19') in 0.032809 seconds
Number of updated asset objects reloaded before import = 0
Number of asset objects unloaded after import = 2
========================================================================
Received Import Request.
  Time since last request: 0.091831 seconds.
  path: Assets/FourEvilDragonsHP/Texture/DragonSoulEater/GreyHP.png
  artifactKey: Guid(cccba017d3327554eb393b69a5434097) Importer(815301076,1909f56bfc062723c751e8b465ee728b)
Start importing Assets/FourEvilDragonsHP/Texture/DragonSoulEater/GreyHP.png using Guid(cccba017d3327554eb393b69a5434097) Importer(815301076,1909f56bfc062723c751e8b465ee728b)  -> (artifact id: '70ee7640ce4b82c6313f513b71398d1b') in 0.034533 seconds
Number of updated asset objects reloaded before import = 0
Number of asset objects unloaded after import = 2
========================================================================
Received Import Request.
  Time since last request: 16.705782 seconds.
  path: Assets/BrokenVector/LowPolyBrickHouses/Terrain/Terrain.asset
  artifactKey: Guid(e1ea2383188bb3a4b816b19ce1908a11) Importer(815301076,1909f56bfc062723c751e8b465ee728b)
Start importing Assets/BrokenVector/LowPolyBrickHouses/Terrain/Terrain.asset using Guid(e1ea2383188bb3a4b816b19ce1908a11) Importer(815301076,1909f56bfc062723c751e8b465ee728b)  -> (artifact id: 'bc20ec77518ee869f4bbb8f47bc7a6d6') in 0.193176 seconds
Number of updated asset objects reloaded before import = 0
Number of asset objects unloaded after import = 21
========================================================================
Received Import Request.
  Time since last request: 117.106680 seconds.
  path: Assets/_TerrainAutoUpgrade/layer_GroundGrassColorGroundDirtNormal2023054508611406.terrainlayer
  artifactKey: Guid(32e81f2ce7ab21847821d33c777bc2fc) Importer(815301076,1909f56bfc062723c751e8b465ee728b)
Start importing Assets/_TerrainAutoUpgrade/layer_GroundGrassColorGroundDirtNormal2023054508611406.terrainlayer using Guid(32e81f2ce7ab21847821d33c777bc2fc) Importer(815301076,1909f56bfc062723c751e8b465ee728b)  -> (artifact id: '0d9af02d93a26d86e6069300444bae89') in 0.079834 seconds
Number of updated asset objects reloaded before import = 0
Number of asset objects unloaded after import = 4
========================================================================
Received Import Request.
  Time since last request: 0.000045 seconds.
  path: Assets/_TerrainAutoUpgrade/layer_GroundSandColorGroundDirtNormal2023054508611406.terrainlayer
  artifactKey: Guid(7773089c2e5139d4aacb3312bb95b3c6) Importer(815301076,1909f56bfc062723c751e8b465ee728b)
Start importing Assets/_TerrainAutoUpgrade/layer_GroundSandColorGroundDirtNormal2023054508611406.terrainlayer using Guid(7773089c2e5139d4aacb3312bb95b3c6) Importer(815301076,1909f56bfc062723c751e8b465ee728b)  -> (artifact id: 'c82eff843f74a28620b949b817798ade') in 0.023769 seconds
Number of updated asset objects reloaded before import = 0
Number of asset objects unloaded after import = 4
========================================================================
Received Import Request.
  Time since last request: 0.000046 seconds.
  path: Assets/_TerrainAutoUpgrade/layer_GroundTilesBrokenColorGroundTilesBrokenNormal793646612c42751.terrainlayer
  artifactKey: Guid(6485fbb3879901c4da8bae486ae77c42) Importer(815301076,1909f56bfc062723c751e8b465ee728b)
Start importing Assets/_TerrainAutoUpgrade/layer_GroundTilesBrokenColorGroundTilesBrokenNormal793646612c42751.terrainlayer using Guid(6485fbb3879901c4da8bae486ae77c42) Importer(815301076,1909f56bfc062723c751e8b465ee728b)  -> (artifact id: 'b48e8bd78b34042bac534a41363c8ed3') in 0.045131 seconds
Number of updated asset objects reloaded before import = 0
Number of asset objects unloaded after import = 4
