Using pre-set license
Built from '2022.3/staging' branch; Version is '2022.3.22f1 (887be4894c44) revision 8944612'; Using compiler version '192829333'; Build Type 'Release'
OS: 'Windows 11  (10.0.22631) 64bit Professional' Language: 'en' Physical Memory: 32541 MB
BatchMode: 1, IsHumanControllingUs: 0, StartBugReporterOnCrash: 0, Is64bit: 1, IsPro: 1

COMMAND LINE ARGUMENTS:
C:\Program Files\Unity\Hub\Editor\2022.3.22f1\Editor\Unity.exe
-adb2
-batchMode
-noUpm
-name
AssetImportWorker0
-projectPath
C:/Users/dome3/OneDrive/Desktop/Programas/UnityVideojuegos/My project
-logFile
Logs/AssetImportWorker0.log
-srvPort
62322
Successfully changed project path to: C:/Users/dome3/OneDrive/Desktop/Programas/UnityVideojuegos/My project
C:/Users/dome3/OneDrive/Desktop/Programas/UnityVideojuegos/My project
[UnityMemory] Configuration Parameters - Can be set up in boot.config
    "memorysetup-bucket-allocator-granularity=16"
    "memorysetup-bucket-allocator-bucket-count=8"
    "memorysetup-bucket-allocator-block-size=33554432"
    "memorysetup-bucket-allocator-block-count=8"
    "memorysetup-main-allocator-block-size=16777216"
    "memorysetup-thread-allocator-block-size=16777216"
    "memorysetup-gfx-main-allocator-block-size=16777216"
    "memorysetup-gfx-thread-allocator-block-size=16777216"
    "memorysetup-cache-allocator-block-size=4194304"
    "memorysetup-typetree-allocator-block-size=2097152"
    "memorysetup-profiler-bucket-allocator-granularity=16"
    "memorysetup-profiler-bucket-allocator-bucket-count=8"
    "memorysetup-profiler-bucket-allocator-block-size=33554432"
    "memorysetup-profiler-bucket-allocator-block-count=8"
    "memorysetup-profiler-allocator-block-size=16777216"
    "memorysetup-profiler-editor-allocator-block-size=1048576"
    "memorysetup-temp-allocator-size-main=16777216"
    "memorysetup-job-temp-allocator-block-size=2097152"
    "memorysetup-job-temp-allocator-block-size-background=1048576"
    "memorysetup-job-temp-allocator-reduction-small-platforms=262144"
    "memorysetup-allocator-temp-initial-block-size-main=262144"
    "memorysetup-allocator-temp-initial-block-size-worker=262144"
    "memorysetup-temp-allocator-size-background-worker=32768"
    "memorysetup-temp-allocator-size-job-worker=262144"
    "memorysetup-temp-allocator-size-preload-manager=33554432"
    "memorysetup-temp-allocator-size-nav-mesh-worker=65536"
    "memorysetup-temp-allocator-size-audio-worker=65536"
    "memorysetup-temp-allocator-size-cloud-worker=32768"
    "memorysetup-temp-allocator-size-gi-baking-worker=262144"
    "memorysetup-temp-allocator-size-gfx=262144"
Player connection [19044] Host "[IP] 192.168.71.1 [Port] 0 [Flags] 2 [Guid] 1332770818 [EditorId] 1332770818 [Version] 1048832 [Id] WindowsEditor(7,DESKTOP-RCKDGFF) [Debug] 1 [PackageName] WindowsEditor [ProjectName] Editor" joined multi-casting on [225.0.0.222:54997]...

Player connection [19044] Host "[IP] 192.168.71.1 [Port] 0 [Flags] 2 [Guid] 1332770818 [EditorId] 1332770818 [Version] 1048832 [Id] WindowsEditor(7,DESKTOP-RCKDGFF) [Debug] 1 [PackageName] WindowsEditor [ProjectName] Editor" joined alternative multi-casting on [225.0.0.222:34997]...

[Physics::Module] Initialized MultithreadedJobDispatcher with 7 workers.
Refreshing native plugins compatible for Editor in 18.84 ms, found 3 plugins.
Preloading 0 native plugins for Editor in 0.00 ms.
Initialize engine version: 2022.3.22f1 (887be4894c44)
[Subsystems] Discovering subsystems at path C:/Program Files/Unity/Hub/Editor/2022.3.22f1/Editor/Data/Resources/UnitySubsystems
[Subsystems] Discovering subsystems at path C:/Users/dome3/OneDrive/Desktop/Programas/UnityVideojuegos/My project/Assets
GfxDevice: creating device client; threaded=0; jobified=0
Direct3D:
    Version:  Direct3D 11.0 [level 11.1]
    Renderer: Intel(R) UHD Graphics (ID=0x9b41)
    Vendor:   Intel
    VRAM:     16270 MB
    Driver:   30.0.101.1122
Initialize mono
Mono path[0] = 'C:/Program Files/Unity/Hub/Editor/2022.3.22f1/Editor/Data/Managed'
Mono path[1] = 'C:/Program Files/Unity/Hub/Editor/2022.3.22f1/Editor/Data/MonoBleedingEdge/lib/mono/unityjit-win32'
Mono config path = 'C:/Program Files/Unity/Hub/Editor/2022.3.22f1/Editor/Data/MonoBleedingEdge/etc'
Using monoOptions --debugger-agent=transport=dt_socket,embedding=1,server=y,suspend=n,address=127.0.0.1:56172
Begin MonoManager ReloadAssembly
Registering precompiled unity dll's ...
Register platform support module: C:/Program Files/Unity/Hub/Editor/2022.3.22f1/Editor/Data/PlaybackEngines/WebGLSupport/UnityEditor.WebGL.Extensions.dll
Register platform support module: C:/Program Files/Unity/Hub/Editor/2022.3.22f1/Editor/Data/PlaybackEngines/AndroidPlayer/UnityEditor.Android.Extensions.dll
Register platform support module: C:/Program Files/Unity/Hub/Editor/2022.3.22f1/Editor/Data/PlaybackEngines/WindowsStandaloneSupport/UnityEditor.WindowsStandalone.Extensions.dll
Register platform support module: C:/Program Files/Unity/Hub/Editor/2022.3.22f1/Editor/Data/PlaybackEngines/MetroSupport/UnityEditor.UWP.Extensions.dll
Registered in 0.028667 seconds.
- Loaded All Assemblies, in  1.051 seconds
Native extension for UWP target not found
Native extension for WindowsStandalone target not found
Native extension for Android target not found
Android Extension - Scanning For ADB Devices 1324 ms
Native extension for WebGL target not found
Mono: successfully reloaded assembly
- Finished resetting the current domain, in  2.663 seconds
Domain Reload Profiling: 3708ms
	BeginReloadAssembly (251ms)
		ExecutionOrderSort (0ms)
		DisableScriptedObjects (0ms)
		BackupInstance (0ms)
		ReleaseScriptingObjects (0ms)
		CreateAndSetChildDomain (2ms)
	RebuildCommonClasses (75ms)
	RebuildNativeTypeToScriptingClass (27ms)
	initialDomainReloadingComplete (164ms)
	LoadAllAssembliesAndSetupDomain (527ms)
		LoadAssemblies (250ms)
		RebuildTransferFunctionScriptingTraits (0ms)
		AnalyzeDomain (518ms)
			TypeCache.Refresh (514ms)
				TypeCache.ScanAssembly (463ms)
			ScanForSourceGeneratedMonoScriptInfo (1ms)
			ResolveRequiredComponents (2ms)
	FinalizeReload (2664ms)
		ReleaseScriptCaches (0ms)
		RebuildScriptCaches (0ms)
		SetupLoadedEditorAssemblies (2397ms)
			LogAssemblyErrors (0ms)
			InitializePlatformSupportModulesInManaged (1778ms)
			SetLoadedEditorAssemblies (14ms)
			RefreshPlugins (0ms)
			BeforeProcessingInitializeOnLoad (8ms)
			ProcessInitializeOnLoadAttributes (437ms)
			ProcessInitializeOnLoadMethodAttributes (160ms)
			AfterProcessingInitializeOnLoad (0ms)
			EditorAssembliesLoaded (0ms)
		ExecutionOrderSort2 (0ms)
		AwakeInstancesAfterBackupRestoration (0ms)
========================================================================
Worker process is ready to serve import requests
Begin MonoManager ReloadAssembly
- Loaded All Assemblies, in  2.091 seconds
Refreshing native plugins compatible for Editor in 15.19 ms, found 3 plugins.
Native extension for UWP target not found
Native extension for WindowsStandalone target not found
Native extension for Android target not found
Native extension for WebGL target not found
Package Manager log level set to [2]
[Package Manager] Server::EnsureServerProcessIsRunning -- launch failed, reason: Unity was launched with the -noUpm command-line argument
[Package Manager] UpmClient::Send -- Unable to send message (not connected to UPM process).
[Package Manager] Cannot connect to Unity Package Manager local server
Mono: successfully reloaded assembly
- Finished resetting the current domain, in  2.391 seconds
Domain Reload Profiling: 4475ms
	BeginReloadAssembly (539ms)
		ExecutionOrderSort (0ms)
		DisableScriptedObjects (15ms)
		BackupInstance (0ms)
		ReleaseScriptingObjects (0ms)
		CreateAndSetChildDomain (74ms)
	RebuildCommonClasses (114ms)
	RebuildNativeTypeToScriptingClass (38ms)
	initialDomainReloadingComplete (131ms)
	LoadAllAssembliesAndSetupDomain (1260ms)
		LoadAssemblies (936ms)
		RebuildTransferFunctionScriptingTraits (0ms)
		AnalyzeDomain (659ms)
			TypeCache.Refresh (591ms)
				TypeCache.ScanAssembly (536ms)
			ScanForSourceGeneratedMonoScriptInfo (47ms)
			ResolveRequiredComponents (17ms)
	FinalizeReload (2393ms)
		ReleaseScriptCaches (0ms)
		RebuildScriptCaches (0ms)
		SetupLoadedEditorAssemblies (1831ms)
			LogAssemblyErrors (0ms)
			InitializePlatformSupportModulesInManaged (121ms)
			SetLoadedEditorAssemblies (16ms)
			RefreshPlugins (0ms)
			BeforeProcessingInitializeOnLoad (224ms)
			ProcessInitializeOnLoadAttributes (1331ms)
			ProcessInitializeOnLoadMethodAttributes (117ms)
			AfterProcessingInitializeOnLoad (23ms)
			EditorAssembliesLoaded (0ms)
		ExecutionOrderSort2 (0ms)
		AwakeInstancesAfterBackupRestoration (30ms)
Launched and connected shader compiler UnityShaderCompiler.exe after 0.28 seconds
Refreshing native plugins compatible for Editor in 12.90 ms, found 3 plugins.
Preloading 0 native plugins for Editor in 0.00 ms.
Unloading 3106 Unused Serialized files (Serialized files now loaded: 0)
Unloading 31 unused Assets / (29.7 KB). Loaded Objects now: 3601.
Memory consumption went from 140.2 MB to 140.1 MB.
Total: 9.964700 ms (FindLiveObjects: 0.623800 ms CreateObjectMapping: 0.517600 ms MarkObjects: 8.647900 ms  DeleteObjects: 0.171800 ms)

AssetImportParameters requested are different than current active one (requested -> active):
  custom:container-demuxer-ogg: 62fdf1f143b41e24485cea50d1cbac27 -> 
  custom:video-codec-MediaFoundation-h265: 746d11721c4dcdbdad8f713fa42b33f4 -> 
  custom:video-decoder-ogg-theora: a1e56fd34408186e4bbccfd4996cb3dc -> 
  custom:framework-win-MediaFoundation: 216162199b28c13a410421893ffa2e32 -> 
  custom:CustomObjectIndexerAttribute: 9a22284fe3817be447336de3de66b15e -> 
  custom:container-demuxer-webm: 4f35f7cbe854078d1ac9338744f61a02 -> 
  custom:container-muxer-webm: aa71ff27fc2769a1b78a27578f13a17b -> 
  custom:video-decoder-webm-vp8: 9c59270c3fd7afecdb556c50c9e8de78 -> 
  custom:SearchIndexIgnoredProperties: e643bd26f0fe6173181afceb89e7c659 -> 
  custom:AudioImporter_EditorPlatform: d09bf68614088b80899f8185d706f6e7 -> 
  custom:video-encoder-webm-vp8: eb34c28f22e8b96e1ab97ce403110664 -> 
  custom:audio-decoder-ogg-vorbis: bf7c407c2cedff20999df2af8eb42d56 -> 
  custom:audio-encoder-webm-vorbis: bf7c407c2cedff20999df2af8eb42d56 -> 
========================================================================
Received Import Request.
  Time since last request: 330609.823839 seconds.
  path: Assets/Piloto Studio/Campfire And Torches Pack/Models
  artifactKey: Guid(0fe0b923dc943244db6a33b3fefa9b89) Importer(815301076,1909f56bfc062723c751e8b465ee728b)
Start importing Assets/Piloto Studio/Campfire And Torches Pack/Models using Guid(0fe0b923dc943244db6a33b3fefa9b89) Importer(815301076,1909f56bfc062723c751e8b465ee728b)  -> (artifact id: '988276e683d952346082b99c7889b416') in 0.004427 seconds
Number of updated asset objects reloaded before import = 0
Number of asset objects unloaded after import = 0
========================================================================
Received Import Request.
  Time since last request: 3.994128 seconds.
  path: Assets/New Terrain.asset
  artifactKey: Guid(47a6a0afbaef8614db3088b5dccf2d75) Importer(815301076,1909f56bfc062723c751e8b465ee728b)
Start importing Assets/New Terrain.asset using Guid(47a6a0afbaef8614db3088b5dccf2d75) Importer(815301076,1909f56bfc062723c751e8b465ee728b)  -> (artifact id: '39cceabe1e38ab53576337ebd3b1e2c9') in 0.132688 seconds
Number of updated asset objects reloaded before import = 0
Number of asset objects unloaded after import = 25
========================================================================
Received Import Request.
  Time since last request: 1.549859 seconds.
  path: Assets/New Terrain.asset
  artifactKey: Guid(47a6a0afbaef8614db3088b5dccf2d75) Importer(815301076,1909f56bfc062723c751e8b465ee728b)
Start importing Assets/New Terrain.asset using Guid(47a6a0afbaef8614db3088b5dccf2d75) Importer(815301076,1909f56bfc062723c751e8b465ee728b)  -> (artifact id: 'c0cc1997f051439d2543df4cda017491') in 0.054504 seconds
Number of updated asset objects reloaded before import = 0
Number of asset objects unloaded after import = 25
========================================================================
Received Import Request.
  Time since last request: 269.017280 seconds.
  path: Assets/Animals_FREE/Meshes/Chicken_001.fbx
  artifactKey: Guid(750998db7fd03a34d9b732aa156d66fe) Importer(815301076,1909f56bfc062723c751e8b465ee728b)
Start importing Assets/Animals_FREE/Meshes/Chicken_001.fbx using Guid(750998db7fd03a34d9b732aa156d66fe) Importer(815301076,1909f56bfc062723c751e8b465ee728b)  -> (artifact id: 'b1906c350f8b8e8ee50e9e8cb4e0c188') in 0.155225 seconds
Number of updated asset objects reloaded before import = 0
Number of asset objects unloaded after import = 64
========================================================================
Received Import Request.
  Time since last request: 10.069529 seconds.
  path: Assets/Animals_FREE/Prefabs/Deer_001.prefab
  artifactKey: Guid(ca0dce541d7415341be48fdb82b4e9c7) Importer(815301076,1909f56bfc062723c751e8b465ee728b)
Start importing Assets/Animals_FREE/Prefabs/Deer_001.prefab using Guid(ca0dce541d7415341be48fdb82b4e9c7) Importer(815301076,1909f56bfc062723c751e8b465ee728b)  -> (artifact id: 'ab09f32fbe363d9c0cdb432ffea03d79') in 0.037735 seconds
Number of updated asset objects reloaded before import = 0
Number of asset objects unloaded after import = 154
========================================================================
Received Import Request.
  Time since last request: 1.094739 seconds.
  path: Assets/Animals_FREE/Prefabs/Dog_001.prefab
  artifactKey: Guid(adb11d902b2436d428d60c75729665a6) Importer(815301076,1909f56bfc062723c751e8b465ee728b)
Start importing Assets/Animals_FREE/Prefabs/Dog_001.prefab using Guid(adb11d902b2436d428d60c75729665a6) Importer(815301076,1909f56bfc062723c751e8b465ee728b)  -> (artifact id: '77672c84ee23b38940350b3cb4557627') in 0.048173 seconds
Number of updated asset objects reloaded before import = 0
Number of asset objects unloaded after import = 158
========================================================================
Received Import Request.
  Time since last request: 9.040429 seconds.
  path: Assets/Animals_FREE/Prefabs/Horse_001.prefab
  artifactKey: Guid(d5eb1b3748b88e245b2033ba7e2d3fa1) Importer(815301076,1909f56bfc062723c751e8b465ee728b)
Start importing Assets/Animals_FREE/Prefabs/Horse_001.prefab using Guid(d5eb1b3748b88e245b2033ba7e2d3fa1) Importer(815301076,1909f56bfc062723c751e8b465ee728b)  -> (artifact id: '756d0ada92169db7c9590a9ecb29e652') in 0.045568 seconds
Number of updated asset objects reloaded before import = 0
Number of asset objects unloaded after import = 162
========================================================================
Received Import Request.
  Time since last request: 0.365620 seconds.
  path: Assets/Animals_FREE/Meshes/Horse_001.fbx
  artifactKey: Guid(65ec41fe8a55fc940a3edbd5c8527f79) Importer(815301076,1909f56bfc062723c751e8b465ee728b)
Start importing Assets/Animals_FREE/Meshes/Horse_001.fbx using Guid(65ec41fe8a55fc940a3edbd5c8527f79) Importer(815301076,1909f56bfc062723c751e8b465ee728b)  -> (artifact id: 'af155342f8cc1a7f32b1ad3948ef6c40') in 0.031020 seconds
Number of updated asset objects reloaded before import = 0
Number of asset objects unloaded after import = 82
========================================================================
Received Import Request.
  Time since last request: 2.551225 seconds.
  path: Assets/Animals_FREE/Meshes/Kitty_001.fbx
  artifactKey: Guid(c1076de1f3cbb794fb3362efe98adc0d) Importer(815301076,1909f56bfc062723c751e8b465ee728b)
Start importing Assets/Animals_FREE/Meshes/Kitty_001.fbx using Guid(c1076de1f3cbb794fb3362efe98adc0d) Importer(815301076,1909f56bfc062723c751e8b465ee728b)  -> (artifact id: '8a43648838625d3ff55b2c960c6932bd') in 0.086868 seconds
Number of updated asset objects reloaded before import = 0
Number of asset objects unloaded after import = 76
========================================================================
Received Import Request.
  Time since last request: 0.636209 seconds.
  path: Assets/Animals_FREE/Meshes/Pinguin_001.fbx
  artifactKey: Guid(e234e3a012c1abc41a72aa963ffc7e82) Importer(815301076,1909f56bfc062723c751e8b465ee728b)
Start importing Assets/Animals_FREE/Meshes/Pinguin_001.fbx using Guid(e234e3a012c1abc41a72aa963ffc7e82) Importer(815301076,1909f56bfc062723c751e8b465ee728b)  -> (artifact id: '546fab0fdbed514489ca56ccacf07de3') in 0.058965 seconds
Number of updated asset objects reloaded before import = 0
Number of asset objects unloaded after import = 52
========================================================================
Received Import Request.
  Time since last request: 8.805405 seconds.
  path: Assets/Animals_FREE/Prefabs/Tiger_001.prefab
  artifactKey: Guid(cf7f1989a74b86c4d8527d5676d887eb) Importer(815301076,1909f56bfc062723c751e8b465ee728b)
Start importing Assets/Animals_FREE/Prefabs/Tiger_001.prefab using Guid(cf7f1989a74b86c4d8527d5676d887eb) Importer(815301076,1909f56bfc062723c751e8b465ee728b)  -> (artifact id: '7bcd1e1319cb61e225d8e28ebcfaeca8') in 0.044773 seconds
Number of updated asset objects reloaded before import = 0
Number of asset objects unloaded after import = 154
========================================================================
Received Import Request.
  Time since last request: 100.727723 seconds.
  path: Assets/Fantasy Forest Environment Free Sample/PostProcessing Profile.asset
  artifactKey: Guid(84e004e54aa75074885db0856eedb697) Importer(815301076,1909f56bfc062723c751e8b465ee728b)
Start importing Assets/Fantasy Forest Environment Free Sample/PostProcessing Profile.asset using Guid(84e004e54aa75074885db0856eedb697) Importer(815301076,1909f56bfc062723c751e8b465ee728b)  -> (artifact id: '9915689048b6e08042ad7efffe0f42ca') in 0.003247 seconds
Number of updated asset objects reloaded before import = 0
Number of asset objects unloaded after import = 1
========================================================================
Received Import Request.
  Time since last request: 0.004548 seconds.
  path: Assets/Fantasy Forest Environment Free Sample
  artifactKey: Guid(a32d359ee22ea7d4e9cbbbf3d5768851) Importer(815301076,1909f56bfc062723c751e8b465ee728b)
Start importing Assets/Fantasy Forest Environment Free Sample using Guid(a32d359ee22ea7d4e9cbbbf3d5768851) Importer(815301076,1909f56bfc062723c751e8b465ee728b)  -> (artifact id: 'b98b823a3ab515947e7c74e1e19c728a') in 0.001399 seconds
Number of updated asset objects reloaded before import = 0
Number of asset objects unloaded after import = 0
========================================================================
Received Import Request.
  Time since last request: 3.449348 seconds.
  path: Assets/Fantasy Forest Environment Free Sample/Materials
  artifactKey: Guid(cd0f69bea45e4f84ea174419ce134ce1) Importer(815301076,1909f56bfc062723c751e8b465ee728b)
Start importing Assets/Fantasy Forest Environment Free Sample/Materials using Guid(cd0f69bea45e4f84ea174419ce134ce1) Importer(815301076,1909f56bfc062723c751e8b465ee728b)  -> (artifact id: 'a4f07a48838b1d1eb5ffb95a0e981079') in 0.001211 seconds
Number of updated asset objects reloaded before import = 0
Number of asset objects unloaded after import = 0
